CRITICAL - 2023-02-04 15:30:16 --> Undefined variable: pacientes
in APPPATH\Views\ventanas\pacientes.php on line 29.
 1 APPPATH\Views\ventanas\pacientes.php(29): CodeIgniter\Debug\Exceptions->errorHandler(8, 'Undefined variable: pacientes', 'APPPATH\\Views\\ventanas\\pacientes.php', 29, [...])
 2 SYSTEMPATH\View\View.php(213): include('APPPATH\\Views\\ventanas\\pacientes.php')
 3 SYSTEMPATH\View\View.php(216): CodeIgniter\View\View->CodeIgniter\View\{closure}()
 4 SYSTEMPATH\Common.php(1177): CodeIgniter\View\View->render('/ventanas/pacientes.php', [], true)
 5 APPPATH\Controllers\controladorPaciente.php(34): view('/ventanas/pacientes.php', [...])
 6 SYSTEMPATH\CodeIgniter.php(934): App\Controllers\controladorPaciente->pacientes()
 7 SYSTEMPATH\CodeIgniter.php(499): CodeIgniter\CodeIgniter->runController(Object(App\Controllers\controladorPaciente))
 8 SYSTEMPATH\CodeIgniter.php(368): CodeIgniter\CodeIgniter->handleRequest(null, Object(Config\Cache), false)
 9 FCPATH\index.php(67): CodeIgniter\CodeIgniter->run()
CRITICAL - 2023-02-04 15:36:43 --> Class 'App\Filters\Cors' not found
in SYSTEMPATH\Filters\Filters.php on line 166.
 1 SYSTEMPATH\CodeIgniter.php(473): CodeIgniter\Filters\Filters->run('pacientes', 'before')
 2 SYSTEMPATH\CodeIgniter.php(368): CodeIgniter\CodeIgniter->handleRequest(null, Object(Config\Cache), false)
 3 FCPATH\index.php(67): CodeIgniter\CodeIgniter->run()
CRITICAL - 2023-02-04 16:54:25 --> Undefined index: resultado
in APPPATH\Views\ventanas\pacientes.php on line 40.
 1 APPPATH\Views\ventanas\pacientes.php(40): CodeIgniter\Debug\Exceptions->errorHandler(8, 'Undefined index: resultado', 'APPPATH\\Views\\ventanas\\pacientes.php', 40, [...])
 2 SYSTEMPATH\View\View.php(213): include('APPPATH\\Views\\ventanas\\pacientes.php')
 3 SYSTEMPATH\View\View.php(216): CodeIgniter\View\View->CodeIgniter\View\{closure}()
 4 SYSTEMPATH\Common.php(1177): CodeIgniter\View\View->render('/ventanas/pacientes.php', [], true)
 5 APPPATH\Controllers\controladorPaciente.php(34): view('/ventanas/pacientes.php', [...])
 6 SYSTEMPATH\CodeIgniter.php(934): App\Controllers\controladorPaciente->pacientes()
 7 SYSTEMPATH\CodeIgniter.php(499): CodeIgniter\CodeIgniter->runController(Object(App\Controllers\controladorPaciente))
 8 SYSTEMPATH\CodeIgniter.php(368): CodeIgniter\CodeIgniter->handleRequest(null, Object(Config\Cache), false)
 9 FCPATH\index.php(67): CodeIgniter\CodeIgniter->run()
CRITICAL - 2023-02-04 17:32:55 --> Undefined index: pac_id
in APPPATH\Views\ventanas\pacientes.php on line 43.
 1 APPPATH\Views\ventanas\pacientes.php(43): CodeIgniter\Debug\Exceptions->errorHandler(8, 'Undefined index: pac_id', 'APPPATH\\Views\\ventanas\\pacientes.php', 43, [...])
 2 SYSTEMPATH\View\View.php(213): include('APPPATH\\Views\\ventanas\\pacientes.php')
 3 SYSTEMPATH\View\View.php(216): CodeIgniter\View\View->CodeIgniter\View\{closure}()
 4 SYSTEMPATH\Common.php(1177): CodeIgniter\View\View->render('/ventanas/pacientes.php', [], true)
 5 APPPATH\Controllers\controladorPaciente.php(34): view('/ventanas/pacientes.php', [...])
 6 SYSTEMPATH\CodeIgniter.php(934): App\Controllers\controladorPaciente->pacientes()
 7 SYSTEMPATH\CodeIgniter.php(499): CodeIgniter\CodeIgniter->runController(Object(App\Controllers\controladorPaciente))
 8 SYSTEMPATH\CodeIgniter.php(368): CodeIgniter\CodeIgniter->handleRequest(null, Object(Config\Cache), false)
 9 FCPATH\index.php(67): CodeIgniter\CodeIgniter->run()
CRITICAL - 2023-02-04 17:33:00 --> Undefined index: pac_id
in APPPATH\Views\ventanas\pacientes.php on line 43.
 1 APPPATH\Views\ventanas\pacientes.php(43): CodeIgniter\Debug\Exceptions->errorHandler(8, 'Undefined index: pac_id', 'APPPATH\\Views\\ventanas\\pacientes.php', 43, [...])
 2 SYSTEMPATH\View\View.php(213): include('APPPATH\\Views\\ventanas\\pacientes.php')
 3 SYSTEMPATH\View\View.php(216): CodeIgniter\View\View->CodeIgniter\View\{closure}()
 4 SYSTEMPATH\Common.php(1177): CodeIgniter\View\View->render('/ventanas/pacientes.php', [], true)
 5 APPPATH\Controllers\controladorPaciente.php(34): view('/ventanas/pacientes.php', [...])
 6 SYSTEMPATH\CodeIgniter.php(934): App\Controllers\controladorPaciente->pacientes()
 7 SYSTEMPATH\CodeIgniter.php(499): CodeIgniter\CodeIgniter->runController(Object(App\Controllers\controladorPaciente))
 8 SYSTEMPATH\CodeIgniter.php(368): CodeIgniter\CodeIgniter->handleRequest(null, Object(Config\Cache), false)
 9 FCPATH\index.php(67): CodeIgniter\CodeIgniter->run()
CRITICAL - 2023-02-04 17:55:15 --> Undefined index: nombre
in APPPATH\Views\ventanas\pacientes.php on line 35.
 1 APPPATH\Views\ventanas\pacientes.php(35): CodeIgniter\Debug\Exceptions->errorHandler(8, 'Undefined index: nombre', 'APPPATH\\Views\\ventanas\\pacientes.php', 35, [...])
 2 SYSTEMPATH\View\View.php(213): include('APPPATH\\Views\\ventanas\\pacientes.php')
 3 SYSTEMPATH\View\View.php(216): CodeIgniter\View\View->CodeIgniter\View\{closure}()
 4 SYSTEMPATH\Common.php(1177): CodeIgniter\View\View->render('/ventanas/pacientes.php', [], true)
 5 APPPATH\Controllers\controladorPaciente.php(34): view('/ventanas/pacientes.php', [...])
 6 SYSTEMPATH\CodeIgniter.php(934): App\Controllers\controladorPaciente->pacientes()
 7 SYSTEMPATH\CodeIgniter.php(499): CodeIgniter\CodeIgniter->runController(Object(App\Controllers\controladorPaciente))
 8 SYSTEMPATH\CodeIgniter.php(368): CodeIgniter\CodeIgniter->handleRequest(null, Object(Config\Cache), false)
 9 FCPATH\index.php(67): CodeIgniter\CodeIgniter->run()
CRITICAL - 2023-02-04 17:55:56 --> Undefined index: id
in APPPATH\Views\ventanas\pacientes.php on line 35.
 1 APPPATH\Views\ventanas\pacientes.php(35): CodeIgniter\Debug\Exceptions->errorHandler(8, 'Undefined index: id', 'APPPATH\\Views\\ventanas\\pacientes.php', 35, [...])
 2 SYSTEMPATH\View\View.php(213): include('APPPATH\\Views\\ventanas\\pacientes.php')
 3 SYSTEMPATH\View\View.php(216): CodeIgniter\View\View->CodeIgniter\View\{closure}()
 4 SYSTEMPATH\Common.php(1177): CodeIgniter\View\View->render('/ventanas/pacientes.php', [], true)
 5 APPPATH\Controllers\controladorPaciente.php(34): view('/ventanas/pacientes.php', [...])
 6 SYSTEMPATH\CodeIgniter.php(934): App\Controllers\controladorPaciente->pacientes()
 7 SYSTEMPATH\CodeIgniter.php(499): CodeIgniter\CodeIgniter->runController(Object(App\Controllers\controladorPaciente))
 8 SYSTEMPATH\CodeIgniter.php(368): CodeIgniter\CodeIgniter->handleRequest(null, Object(Config\Cache), false)
 9 FCPATH\index.php(67): CodeIgniter\CodeIgniter->run()
CRITICAL - 2023-02-04 17:56:02 --> Undefined index: nombre
in APPPATH\Views\ventanas\pacientes.php on line 35.
 1 APPPATH\Views\ventanas\pacientes.php(35): CodeIgniter\Debug\Exceptions->errorHandler(8, 'Undefined index: nombre', 'APPPATH\\Views\\ventanas\\pacientes.php', 35, [...])
 2 SYSTEMPATH\View\View.php(213): include('APPPATH\\Views\\ventanas\\pacientes.php')
 3 SYSTEMPATH\View\View.php(216): CodeIgniter\View\View->CodeIgniter\View\{closure}()
 4 SYSTEMPATH\Common.php(1177): CodeIgniter\View\View->render('/ventanas/pacientes.php', [], true)
 5 APPPATH\Controllers\controladorPaciente.php(34): view('/ventanas/pacientes.php', [...])
 6 SYSTEMPATH\CodeIgniter.php(934): App\Controllers\controladorPaciente->pacientes()
 7 SYSTEMPATH\CodeIgniter.php(499): CodeIgniter\CodeIgniter->runController(Object(App\Controllers\controladorPaciente))
 8 SYSTEMPATH\CodeIgniter.php(368): CodeIgniter\CodeIgniter->handleRequest(null, Object(Config\Cache), false)
 9 FCPATH\index.php(67): CodeIgniter\CodeIgniter->run()
CRITICAL - 2023-02-04 17:56:03 --> Undefined index: nombre
in APPPATH\Views\ventanas\pacientes.php on line 35.
 1 APPPATH\Views\ventanas\pacientes.php(35): CodeIgniter\Debug\Exceptions->errorHandler(8, 'Undefined index: nombre', 'APPPATH\\Views\\ventanas\\pacientes.php', 35, [...])
 2 SYSTEMPATH\View\View.php(213): include('APPPATH\\Views\\ventanas\\pacientes.php')
 3 SYSTEMPATH\View\View.php(216): CodeIgniter\View\View->CodeIgniter\View\{closure}()
 4 SYSTEMPATH\Common.php(1177): CodeIgniter\View\View->render('/ventanas/pacientes.php', [], true)
 5 APPPATH\Controllers\controladorPaciente.php(34): view('/ventanas/pacientes.php', [...])
 6 SYSTEMPATH\CodeIgniter.php(934): App\Controllers\controladorPaciente->pacientes()
 7 SYSTEMPATH\CodeIgniter.php(499): CodeIgniter\CodeIgniter->runController(Object(App\Controllers\controladorPaciente))
 8 SYSTEMPATH\CodeIgniter.php(368): CodeIgniter\CodeIgniter->handleRequest(null, Object(Config\Cache), false)
 9 FCPATH\index.php(67): CodeIgniter\CodeIgniter->run()
CRITICAL - 2023-02-04 18:04:38 --> Undefined index: nombre
in APPPATH\Views\ventanas\pacientes.php on line 35.
 1 APPPATH\Views\ventanas\pacientes.php(35): CodeIgniter\Debug\Exceptions->errorHandler(8, 'Undefined index: nombre', 'APPPATH\\Views\\ventanas\\pacientes.php', 35, [...])
 2 SYSTEMPATH\View\View.php(213): include('APPPATH\\Views\\ventanas\\pacientes.php')
 3 SYSTEMPATH\View\View.php(216): CodeIgniter\View\View->CodeIgniter\View\{closure}()
 4 SYSTEMPATH\Common.php(1177): CodeIgniter\View\View->render('/ventanas/pacientes.php', [], true)
 5 APPPATH\Controllers\controladorPaciente.php(34): view('/ventanas/pacientes.php', [...])
 6 SYSTEMPATH\CodeIgniter.php(934): App\Controllers\controladorPaciente->pacientes()
 7 SYSTEMPATH\CodeIgniter.php(499): CodeIgniter\CodeIgniter->runController(Object(App\Controllers\controladorPaciente))
 8 SYSTEMPATH\CodeIgniter.php(368): CodeIgniter\CodeIgniter->handleRequest(null, Object(Config\Cache), false)
 9 FCPATH\index.php(67): CodeIgniter\CodeIgniter->run()
CRITICAL - 2023-02-04 18:05:08 --> Undefined index: pac_nombre
in APPPATH\Views\ventanas\pacientes.php on line 35.
 1 APPPATH\Views\ventanas\pacientes.php(35): CodeIgniter\Debug\Exceptions->errorHandler(8, 'Undefined index: pac_nombre', 'APPPATH\\Views\\ventanas\\pacientes.php', 35, [...])
 2 SYSTEMPATH\View\View.php(213): include('APPPATH\\Views\\ventanas\\pacientes.php')
 3 SYSTEMPATH\View\View.php(216): CodeIgniter\View\View->CodeIgniter\View\{closure}()
 4 SYSTEMPATH\Common.php(1177): CodeIgniter\View\View->render('/ventanas/pacientes.php', [], true)
 5 APPPATH\Controllers\controladorPaciente.php(34): view('/ventanas/pacientes.php', [...])
 6 SYSTEMPATH\CodeIgniter.php(934): App\Controllers\controladorPaciente->pacientes()
 7 SYSTEMPATH\CodeIgniter.php(499): CodeIgniter\CodeIgniter->runController(Object(App\Controllers\controladorPaciente))
 8 SYSTEMPATH\CodeIgniter.php(368): CodeIgniter\CodeIgniter->handleRequest(null, Object(Config\Cache), false)
 9 FCPATH\index.php(67): CodeIgniter\CodeIgniter->run()
CRITICAL - 2023-02-04 20:14:52 --> Undefined index: nombre
in APPPATH\Views\ventanas\pacientes.php on line 35.
 1 APPPATH\Views\ventanas\pacientes.php(35): CodeIgniter\Debug\Exceptions->errorHandler(8, 'Undefined index: nombre', 'APPPATH\\Views\\ventanas\\pacientes.php', 35, [...])
 2 SYSTEMPATH\View\View.php(213): include('APPPATH\\Views\\ventanas\\pacientes.php')
 3 SYSTEMPATH\View\View.php(216): CodeIgniter\View\View->CodeIgniter\View\{closure}()
 4 SYSTEMPATH\Common.php(1177): CodeIgniter\View\View->render('/ventanas/pacientes.php', [], true)
 5 APPPATH\Controllers\controladorPaciente.php(34): view('/ventanas/pacientes.php', [...])
 6 SYSTEMPATH\CodeIgniter.php(934): App\Controllers\controladorPaciente->pacientes()
 7 SYSTEMPATH\CodeIgniter.php(499): CodeIgniter\CodeIgniter->runController(Object(App\Controllers\controladorPaciente))
 8 SYSTEMPATH\CodeIgniter.php(368): CodeIgniter\CodeIgniter->handleRequest(null, Object(Config\Cache), false)
 9 FCPATH\index.php(67): CodeIgniter\CodeIgniter->run()
CRITICAL - 2023-02-04 20:14:53 --> Undefined index: nombre
in APPPATH\Views\ventanas\pacientes.php on line 35.
 1 APPPATH\Views\ventanas\pacientes.php(35): CodeIgniter\Debug\Exceptions->errorHandler(8, 'Undefined index: nombre', 'APPPATH\\Views\\ventanas\\pacientes.php', 35, [...])
 2 SYSTEMPATH\View\View.php(213): include('APPPATH\\Views\\ventanas\\pacientes.php')
 3 SYSTEMPATH\View\View.php(216): CodeIgniter\View\View->CodeIgniter\View\{closure}()
 4 SYSTEMPATH\Common.php(1177): CodeIgniter\View\View->render('/ventanas/pacientes.php', [], true)
 5 APPPATH\Controllers\controladorPaciente.php(34): view('/ventanas/pacientes.php', [...])
 6 SYSTEMPATH\CodeIgniter.php(934): App\Controllers\controladorPaciente->pacientes()
 7 SYSTEMPATH\CodeIgniter.php(499): CodeIgniter\CodeIgniter->runController(Object(App\Controllers\controladorPaciente))
 8 SYSTEMPATH\CodeIgniter.php(368): CodeIgniter\CodeIgniter->handleRequest(null, Object(Config\Cache), false)
 9 FCPATH\index.php(67): CodeIgniter\CodeIgniter->run()
CRITICAL - 2023-02-04 20:14:53 --> Undefined index: nombre
in APPPATH\Views\ventanas\pacientes.php on line 35.
 1 APPPATH\Views\ventanas\pacientes.php(35): CodeIgniter\Debug\Exceptions->errorHandler(8, 'Undefined index: nombre', 'APPPATH\\Views\\ventanas\\pacientes.php', 35, [...])
 2 SYSTEMPATH\View\View.php(213): include('APPPATH\\Views\\ventanas\\pacientes.php')
 3 SYSTEMPATH\View\View.php(216): CodeIgniter\View\View->CodeIgniter\View\{closure}()
 4 SYSTEMPATH\Common.php(1177): CodeIgniter\View\View->render('/ventanas/pacientes.php', [], true)
 5 APPPATH\Controllers\controladorPaciente.php(34): view('/ventanas/pacientes.php', [...])
 6 SYSTEMPATH\CodeIgniter.php(934): App\Controllers\controladorPaciente->pacientes()
 7 SYSTEMPATH\CodeIgniter.php(499): CodeIgniter\CodeIgniter->runController(Object(App\Controllers\controladorPaciente))
 8 SYSTEMPATH\CodeIgniter.php(368): CodeIgniter\CodeIgniter->handleRequest(null, Object(Config\Cache), false)
 9 FCPATH\index.php(67): CodeIgniter\CodeIgniter->run()
CRITICAL - 2023-02-04 20:16:26 --> Undefined index: nombre
in APPPATH\Views\ventanas\pacientes.php on line 35.
 1 APPPATH\Views\ventanas\pacientes.php(35): CodeIgniter\Debug\Exceptions->errorHandler(8, 'Undefined index: nombre', 'APPPATH\\Views\\ventanas\\pacientes.php', 35, [...])
 2 SYSTEMPATH\View\View.php(213): include('APPPATH\\Views\\ventanas\\pacientes.php')
 3 SYSTEMPATH\View\View.php(216): CodeIgniter\View\View->CodeIgniter\View\{closure}()
 4 SYSTEMPATH\Common.php(1177): CodeIgniter\View\View->render('/ventanas/pacientes.php', [], true)
 5 APPPATH\Controllers\controladorPaciente.php(34): view('/ventanas/pacientes.php', [...])
 6 SYSTEMPATH\CodeIgniter.php(934): App\Controllers\controladorPaciente->pacientes()
 7 SYSTEMPATH\CodeIgniter.php(499): CodeIgniter\CodeIgniter->runController(Object(App\Controllers\controladorPaciente))
 8 SYSTEMPATH\CodeIgniter.php(368): CodeIgniter\CodeIgniter->handleRequest(null, Object(Config\Cache), false)
 9 FCPATH\index.php(67): CodeIgniter\CodeIgniter->run()
CRITICAL - 2023-02-04 20:16:27 --> Undefined index: nombre
in APPPATH\Views\ventanas\pacientes.php on line 35.
 1 APPPATH\Views\ventanas\pacientes.php(35): CodeIgniter\Debug\Exceptions->errorHandler(8, 'Undefined index: nombre', 'APPPATH\\Views\\ventanas\\pacientes.php', 35, [...])
 2 SYSTEMPATH\View\View.php(213): include('APPPATH\\Views\\ventanas\\pacientes.php')
 3 SYSTEMPATH\View\View.php(216): CodeIgniter\View\View->CodeIgniter\View\{closure}()
 4 SYSTEMPATH\Common.php(1177): CodeIgniter\View\View->render('/ventanas/pacientes.php', [], true)
 5 APPPATH\Controllers\controladorPaciente.php(34): view('/ventanas/pacientes.php', [...])
 6 SYSTEMPATH\CodeIgniter.php(934): App\Controllers\controladorPaciente->pacientes()
 7 SYSTEMPATH\CodeIgniter.php(499): CodeIgniter\CodeIgniter->runController(Object(App\Controllers\controladorPaciente))
 8 SYSTEMPATH\CodeIgniter.php(368): CodeIgniter\CodeIgniter->handleRequest(null, Object(Config\Cache), false)
 9 FCPATH\index.php(67): CodeIgniter\CodeIgniter->run()
CRITICAL - 2023-02-04 20:16:27 --> Undefined index: nombre
in APPPATH\Views\ventanas\pacientes.php on line 35.
 1 APPPATH\Views\ventanas\pacientes.php(35): CodeIgniter\Debug\Exceptions->errorHandler(8, 'Undefined index: nombre', 'APPPATH\\Views\\ventanas\\pacientes.php', 35, [...])
 2 SYSTEMPATH\View\View.php(213): include('APPPATH\\Views\\ventanas\\pacientes.php')
 3 SYSTEMPATH\View\View.php(216): CodeIgniter\View\View->CodeIgniter\View\{closure}()
 4 SYSTEMPATH\Common.php(1177): CodeIgniter\View\View->render('/ventanas/pacientes.php', [], true)
 5 APPPATH\Controllers\controladorPaciente.php(34): view('/ventanas/pacientes.php', [...])
 6 SYSTEMPATH\CodeIgniter.php(934): App\Controllers\controladorPaciente->pacientes()
 7 SYSTEMPATH\CodeIgniter.php(499): CodeIgniter\CodeIgniter->runController(Object(App\Controllers\controladorPaciente))
 8 SYSTEMPATH\CodeIgniter.php(368): CodeIgniter\CodeIgniter->handleRequest(null, Object(Config\Cache), false)
 9 FCPATH\index.php(67): CodeIgniter\CodeIgniter->run()
CRITICAL - 2023-02-04 20:16:27 --> Undefined index: nombre
in APPPATH\Views\ventanas\pacientes.php on line 35.
 1 APPPATH\Views\ventanas\pacientes.php(35): CodeIgniter\Debug\Exceptions->errorHandler(8, 'Undefined index: nombre', 'APPPATH\\Views\\ventanas\\pacientes.php', 35, [...])
 2 SYSTEMPATH\View\View.php(213): include('APPPATH\\Views\\ventanas\\pacientes.php')
 3 SYSTEMPATH\View\View.php(216): CodeIgniter\View\View->CodeIgniter\View\{closure}()
 4 SYSTEMPATH\Common.php(1177): CodeIgniter\View\View->render('/ventanas/pacientes.php', [], true)
 5 APPPATH\Controllers\controladorPaciente.php(34): view('/ventanas/pacientes.php', [...])
 6 SYSTEMPATH\CodeIgniter.php(934): App\Controllers\controladorPaciente->pacientes()
 7 SYSTEMPATH\CodeIgniter.php(499): CodeIgniter\CodeIgniter->runController(Object(App\Controllers\controladorPaciente))
 8 SYSTEMPATH\CodeIgniter.php(368): CodeIgniter\CodeIgniter->handleRequest(null, Object(Config\Cache), false)
 9 FCPATH\index.php(67): CodeIgniter\CodeIgniter->run()
CRITICAL - 2023-02-04 20:16:33 --> Undefined index: nombre
in APPPATH\Views\ventanas\pacientes.php on line 35.
 1 APPPATH\Views\ventanas\pacientes.php(35): CodeIgniter\Debug\Exceptions->errorHandler(8, 'Undefined index: nombre', 'APPPATH\\Views\\ventanas\\pacientes.php', 35, [...])
 2 SYSTEMPATH\View\View.php(213): include('APPPATH\\Views\\ventanas\\pacientes.php')
 3 SYSTEMPATH\View\View.php(216): CodeIgniter\View\View->CodeIgniter\View\{closure}()
 4 SYSTEMPATH\Common.php(1177): CodeIgniter\View\View->render('/ventanas/pacientes.php', [], true)
 5 APPPATH\Controllers\controladorPaciente.php(34): view('/ventanas/pacientes.php', [...])
 6 SYSTEMPATH\CodeIgniter.php(934): App\Controllers\controladorPaciente->pacientes()
 7 SYSTEMPATH\CodeIgniter.php(499): CodeIgniter\CodeIgniter->runController(Object(App\Controllers\controladorPaciente))
 8 SYSTEMPATH\CodeIgniter.php(368): CodeIgniter\CodeIgniter->handleRequest(null, Object(Config\Cache), false)
 9 FCPATH\index.php(67): CodeIgniter\CodeIgniter->run()
CRITICAL - 2023-02-04 20:16:37 --> Undefined index: nombre
in APPPATH\Views\ventanas\pacientes.php on line 35.
 1 APPPATH\Views\ventanas\pacientes.php(35): CodeIgniter\Debug\Exceptions->errorHandler(8, 'Undefined index: nombre', 'APPPATH\\Views\\ventanas\\pacientes.php', 35, [...])
 2 SYSTEMPATH\View\View.php(213): include('APPPATH\\Views\\ventanas\\pacientes.php')
 3 SYSTEMPATH\View\View.php(216): CodeIgniter\View\View->CodeIgniter\View\{closure}()
 4 SYSTEMPATH\Common.php(1177): CodeIgniter\View\View->render('/ventanas/pacientes.php', [], true)
 5 APPPATH\Controllers\controladorPaciente.php(34): view('/ventanas/pacientes.php', [...])
 6 SYSTEMPATH\CodeIgniter.php(934): App\Controllers\controladorPaciente->pacientes()
 7 SYSTEMPATH\CodeIgniter.php(499): CodeIgniter\CodeIgniter->runController(Object(App\Controllers\controladorPaciente))
 8 SYSTEMPATH\CodeIgniter.php(368): CodeIgniter\CodeIgniter->handleRequest(null, Object(Config\Cache), false)
 9 FCPATH\index.php(67): CodeIgniter\CodeIgniter->run()
CRITICAL - 2023-02-04 20:16:58 --> Undefined index: nombre
in APPPATH\Views\ventanas\pacientes.php on line 35.
 1 APPPATH\Views\ventanas\pacientes.php(35): CodeIgniter\Debug\Exceptions->errorHandler(8, 'Undefined index: nombre', 'APPPATH\\Views\\ventanas\\pacientes.php', 35, [...])
 2 SYSTEMPATH\View\View.php(213): include('APPPATH\\Views\\ventanas\\pacientes.php')
 3 SYSTEMPATH\View\View.php(216): CodeIgniter\View\View->CodeIgniter\View\{closure}()
 4 SYSTEMPATH\Common.php(1177): CodeIgniter\View\View->render('/ventanas/pacientes.php', [], true)
 5 APPPATH\Controllers\controladorPaciente.php(34): view('/ventanas/pacientes.php', [...])
 6 SYSTEMPATH\CodeIgniter.php(934): App\Controllers\controladorPaciente->pacientes()
 7 SYSTEMPATH\CodeIgniter.php(499): CodeIgniter\CodeIgniter->runController(Object(App\Controllers\controladorPaciente))
 8 SYSTEMPATH\CodeIgniter.php(368): CodeIgniter\CodeIgniter->handleRequest(null, Object(Config\Cache), false)
 9 FCPATH\index.php(67): CodeIgniter\CodeIgniter->run()
CRITICAL - 2023-02-04 20:23:18 --> Undefined index: pac_nombre
in APPPATH\Views\ventanas\pacientes.php on line 35.
 1 APPPATH\Views\ventanas\pacientes.php(35): CodeIgniter\Debug\Exceptions->errorHandler(8, 'Undefined index: pac_nombre', 'APPPATH\\Views\\ventanas\\pacientes.php', 35, [...])
 2 SYSTEMPATH\View\View.php(213): include('APPPATH\\Views\\ventanas\\pacientes.php')
 3 SYSTEMPATH\View\View.php(216): CodeIgniter\View\View->CodeIgniter\View\{closure}()
 4 SYSTEMPATH\Common.php(1177): CodeIgniter\View\View->render('/ventanas/pacientes.php', [], true)
 5 APPPATH\Controllers\controladorPaciente.php(34): view('/ventanas/pacientes.php', [...])
 6 SYSTEMPATH\CodeIgniter.php(934): App\Controllers\controladorPaciente->pacientes()
 7 SYSTEMPATH\CodeIgniter.php(499): CodeIgniter\CodeIgniter->runController(Object(App\Controllers\controladorPaciente))
 8 SYSTEMPATH\CodeIgniter.php(368): CodeIgniter\CodeIgniter->handleRequest(null, Object(Config\Cache), false)
 9 FCPATH\index.php(67): CodeIgniter\CodeIgniter->run()
CRITICAL - 2023-02-04 20:23:38 --> Undefined index: pac_nombre
in APPPATH\Views\ventanas\pacientes.php on line 35.
 1 APPPATH\Views\ventanas\pacientes.php(35): CodeIgniter\Debug\Exceptions->errorHandler(8, 'Undefined index: pac_nombre', 'APPPATH\\Views\\ventanas\\pacientes.php', 35, [...])
 2 SYSTEMPATH\View\View.php(213): include('APPPATH\\Views\\ventanas\\pacientes.php')
 3 SYSTEMPATH\View\View.php(216): CodeIgniter\View\View->CodeIgniter\View\{closure}()
 4 SYSTEMPATH\Common.php(1177): CodeIgniter\View\View->render('/ventanas/pacientes.php', [], true)
 5 APPPATH\Controllers\controladorPaciente.php(34): view('/ventanas/pacientes.php', [...])
 6 SYSTEMPATH\CodeIgniter.php(934): App\Controllers\controladorPaciente->pacientes()
 7 SYSTEMPATH\CodeIgniter.php(499): CodeIgniter\CodeIgniter->runController(Object(App\Controllers\controladorPaciente))
 8 SYSTEMPATH\CodeIgniter.php(368): CodeIgniter\CodeIgniter->handleRequest(null, Object(Config\Cache), false)
 9 FCPATH\index.php(67): CodeIgniter\CodeIgniter->run()
CRITICAL - 2023-02-04 20:23:57 --> Undefined index: pac_nombre
in APPPATH\Views\ventanas\pacientes.php on line 35.
 1 APPPATH\Views\ventanas\pacientes.php(35): CodeIgniter\Debug\Exceptions->errorHandler(8, 'Undefined index: pac_nombre', 'APPPATH\\Views\\ventanas\\pacientes.php', 35, [...])
 2 SYSTEMPATH\View\View.php(213): include('APPPATH\\Views\\ventanas\\pacientes.php')
 3 SYSTEMPATH\View\View.php(216): CodeIgniter\View\View->CodeIgniter\View\{closure}()
 4 SYSTEMPATH\Common.php(1177): CodeIgniter\View\View->render('/ventanas/pacientes.php', [], true)
 5 APPPATH\Controllers\controladorPaciente.php(34): view('/ventanas/pacientes.php', [...])
 6 SYSTEMPATH\CodeIgniter.php(934): App\Controllers\controladorPaciente->pacientes()
 7 SYSTEMPATH\CodeIgniter.php(499): CodeIgniter\CodeIgniter->runController(Object(App\Controllers\controladorPaciente))
 8 SYSTEMPATH\CodeIgniter.php(368): CodeIgniter\CodeIgniter->handleRequest(null, Object(Config\Cache), false)
 9 FCPATH\index.php(67): CodeIgniter\CodeIgniter->run()
CRITICAL - 2023-02-04 20:23:57 --> Undefined index: pac_nombre
in APPPATH\Views\ventanas\pacientes.php on line 35.
 1 APPPATH\Views\ventanas\pacientes.php(35): CodeIgniter\Debug\Exceptions->errorHandler(8, 'Undefined index: pac_nombre', 'APPPATH\\Views\\ventanas\\pacientes.php', 35, [...])
 2 SYSTEMPATH\View\View.php(213): include('APPPATH\\Views\\ventanas\\pacientes.php')
 3 SYSTEMPATH\View\View.php(216): CodeIgniter\View\View->CodeIgniter\View\{closure}()
 4 SYSTEMPATH\Common.php(1177): CodeIgniter\View\View->render('/ventanas/pacientes.php', [], true)
 5 APPPATH\Controllers\controladorPaciente.php(34): view('/ventanas/pacientes.php', [...])
 6 SYSTEMPATH\CodeIgniter.php(934): App\Controllers\controladorPaciente->pacientes()
 7 SYSTEMPATH\CodeIgniter.php(499): CodeIgniter\CodeIgniter->runController(Object(App\Controllers\controladorPaciente))
 8 SYSTEMPATH\CodeIgniter.php(368): CodeIgniter\CodeIgniter->handleRequest(null, Object(Config\Cache), false)
 9 FCPATH\index.php(67): CodeIgniter\CodeIgniter->run()
CRITICAL - 2023-02-04 20:23:57 --> Undefined index: pac_nombre
in APPPATH\Views\ventanas\pacientes.php on line 35.
 1 APPPATH\Views\ventanas\pacientes.php(35): CodeIgniter\Debug\Exceptions->errorHandler(8, 'Undefined index: pac_nombre', 'APPPATH\\Views\\ventanas\\pacientes.php', 35, [...])
 2 SYSTEMPATH\View\View.php(213): include('APPPATH\\Views\\ventanas\\pacientes.php')
 3 SYSTEMPATH\View\View.php(216): CodeIgniter\View\View->CodeIgniter\View\{closure}()
 4 SYSTEMPATH\Common.php(1177): CodeIgniter\View\View->render('/ventanas/pacientes.php', [], true)
 5 APPPATH\Controllers\controladorPaciente.php(34): view('/ventanas/pacientes.php', [...])
 6 SYSTEMPATH\CodeIgniter.php(934): App\Controllers\controladorPaciente->pacientes()
 7 SYSTEMPATH\CodeIgniter.php(499): CodeIgniter\CodeIgniter->runController(Object(App\Controllers\controladorPaciente))
 8 SYSTEMPATH\CodeIgniter.php(368): CodeIgniter\CodeIgniter->handleRequest(null, Object(Config\Cache), false)
 9 FCPATH\index.php(67): CodeIgniter\CodeIgniter->run()
CRITICAL - 2023-02-04 20:23:57 --> Undefined index: pac_nombre
in APPPATH\Views\ventanas\pacientes.php on line 35.
 1 APPPATH\Views\ventanas\pacientes.php(35): CodeIgniter\Debug\Exceptions->errorHandler(8, 'Undefined index: pac_nombre', 'APPPATH\\Views\\ventanas\\pacientes.php', 35, [...])
 2 SYSTEMPATH\View\View.php(213): include('APPPATH\\Views\\ventanas\\pacientes.php')
 3 SYSTEMPATH\View\View.php(216): CodeIgniter\View\View->CodeIgniter\View\{closure}()
 4 SYSTEMPATH\Common.php(1177): CodeIgniter\View\View->render('/ventanas/pacientes.php', [], true)
 5 APPPATH\Controllers\controladorPaciente.php(34): view('/ventanas/pacientes.php', [...])
 6 SYSTEMPATH\CodeIgniter.php(934): App\Controllers\controladorPaciente->pacientes()
 7 SYSTEMPATH\CodeIgniter.php(499): CodeIgniter\CodeIgniter->runController(Object(App\Controllers\controladorPaciente))
 8 SYSTEMPATH\CodeIgniter.php(368): CodeIgniter\CodeIgniter->handleRequest(null, Object(Config\Cache), false)
 9 FCPATH\index.php(67): CodeIgniter\CodeIgniter->run()
CRITICAL - 2023-02-04 20:24:00 --> Undefined index: pac_nombre
in APPPATH\Views\ventanas\pacientes.php on line 35.
 1 APPPATH\Views\ventanas\pacientes.php(35): CodeIgniter\Debug\Exceptions->errorHandler(8, 'Undefined index: pac_nombre', 'APPPATH\\Views\\ventanas\\pacientes.php', 35, [...])
 2 SYSTEMPATH\View\View.php(213): include('APPPATH\\Views\\ventanas\\pacientes.php')
 3 SYSTEMPATH\View\View.php(216): CodeIgniter\View\View->CodeIgniter\View\{closure}()
 4 SYSTEMPATH\Common.php(1177): CodeIgniter\View\View->render('/ventanas/pacientes.php', [], true)
 5 APPPATH\Controllers\controladorPaciente.php(34): view('/ventanas/pacientes.php', [...])
 6 SYSTEMPATH\CodeIgniter.php(934): App\Controllers\controladorPaciente->pacientes()
 7 SYSTEMPATH\CodeIgniter.php(499): CodeIgniter\CodeIgniter->runController(Object(App\Controllers\controladorPaciente))
 8 SYSTEMPATH\CodeIgniter.php(368): CodeIgniter\CodeIgniter->handleRequest(null, Object(Config\Cache), false)
 9 FCPATH\index.php(67): CodeIgniter\CodeIgniter->run()
CRITICAL - 2023-02-04 20:24:30 --> Undefined index: pac_nombre
in APPPATH\Views\ventanas\pacientes.php on line 35.
 1 APPPATH\Views\ventanas\pacientes.php(35): CodeIgniter\Debug\Exceptions->errorHandler(8, 'Undefined index: pac_nombre', 'APPPATH\\Views\\ventanas\\pacientes.php', 35, [...])
 2 SYSTEMPATH\View\View.php(213): include('APPPATH\\Views\\ventanas\\pacientes.php')
 3 SYSTEMPATH\View\View.php(216): CodeIgniter\View\View->CodeIgniter\View\{closure}()
 4 SYSTEMPATH\Common.php(1177): CodeIgniter\View\View->render('/ventanas/pacientes.php', [], true)
 5 APPPATH\Controllers\controladorPaciente.php(34): view('/ventanas/pacientes.php', [...])
 6 SYSTEMPATH\CodeIgniter.php(934): App\Controllers\controladorPaciente->pacientes()
 7 SYSTEMPATH\CodeIgniter.php(499): CodeIgniter\CodeIgniter->runController(Object(App\Controllers\controladorPaciente))
 8 SYSTEMPATH\CodeIgniter.php(368): CodeIgniter\CodeIgniter->handleRequest(null, Object(Config\Cache), false)
 9 FCPATH\index.php(67): CodeIgniter\CodeIgniter->run()
CRITICAL - 2023-02-04 20:24:31 --> Undefined index: pac_nombre
in APPPATH\Views\ventanas\pacientes.php on line 35.
 1 APPPATH\Views\ventanas\pacientes.php(35): CodeIgniter\Debug\Exceptions->errorHandler(8, 'Undefined index: pac_nombre', 'APPPATH\\Views\\ventanas\\pacientes.php', 35, [...])
 2 SYSTEMPATH\View\View.php(213): include('APPPATH\\Views\\ventanas\\pacientes.php')
 3 SYSTEMPATH\View\View.php(216): CodeIgniter\View\View->CodeIgniter\View\{closure}()
 4 SYSTEMPATH\Common.php(1177): CodeIgniter\View\View->render('/ventanas/pacientes.php', [], true)
 5 APPPATH\Controllers\controladorPaciente.php(34): view('/ventanas/pacientes.php', [...])
 6 SYSTEMPATH\CodeIgniter.php(934): App\Controllers\controladorPaciente->pacientes()
 7 SYSTEMPATH\CodeIgniter.php(499): CodeIgniter\CodeIgniter->runController(Object(App\Controllers\controladorPaciente))
 8 SYSTEMPATH\CodeIgniter.php(368): CodeIgniter\CodeIgniter->handleRequest(null, Object(Config\Cache), false)
 9 FCPATH\index.php(67): CodeIgniter\CodeIgniter->run()
CRITICAL - 2023-02-04 20:24:42 --> Undefined index: nombre
in APPPATH\Views\ventanas\pacientes.php on line 35.
 1 APPPATH\Views\ventanas\pacientes.php(35): CodeIgniter\Debug\Exceptions->errorHandler(8, 'Undefined index: nombre', 'APPPATH\\Views\\ventanas\\pacientes.php', 35, [...])
 2 SYSTEMPATH\View\View.php(213): include('APPPATH\\Views\\ventanas\\pacientes.php')
 3 SYSTEMPATH\View\View.php(216): CodeIgniter\View\View->CodeIgniter\View\{closure}()
 4 SYSTEMPATH\Common.php(1177): CodeIgniter\View\View->render('/ventanas/pacientes.php', [], true)
 5 APPPATH\Controllers\controladorPaciente.php(34): view('/ventanas/pacientes.php', [...])
 6 SYSTEMPATH\CodeIgniter.php(934): App\Controllers\controladorPaciente->pacientes()
 7 SYSTEMPATH\CodeIgniter.php(499): CodeIgniter\CodeIgniter->runController(Object(App\Controllers\controladorPaciente))
 8 SYSTEMPATH\CodeIgniter.php(368): CodeIgniter\CodeIgniter->handleRequest(null, Object(Config\Cache), false)
 9 FCPATH\index.php(67): CodeIgniter\CodeIgniter->run()
CRITICAL - 2023-02-04 20:26:05 --> Undefined index: nombre
in APPPATH\Views\ventanas\pacientes.php on line 36.
 1 APPPATH\Views\ventanas\pacientes.php(36): CodeIgniter\Debug\Exceptions->errorHandler(8, 'Undefined index: nombre', 'APPPATH\\Views\\ventanas\\pacientes.php', 36, [...])
 2 SYSTEMPATH\View\View.php(213): include('APPPATH\\Views\\ventanas\\pacientes.php')
 3 SYSTEMPATH\View\View.php(216): CodeIgniter\View\View->CodeIgniter\View\{closure}()
 4 SYSTEMPATH\Common.php(1177): CodeIgniter\View\View->render('/ventanas/pacientes.php', [], true)
 5 APPPATH\Controllers\controladorPaciente.php(34): view('/ventanas/pacientes.php', [...])
 6 SYSTEMPATH\CodeIgniter.php(934): App\Controllers\controladorPaciente->pacientes()
 7 SYSTEMPATH\CodeIgniter.php(499): CodeIgniter\CodeIgniter->runController(Object(App\Controllers\controladorPaciente))
 8 SYSTEMPATH\CodeIgniter.php(368): CodeIgniter\CodeIgniter->handleRequest(null, Object(Config\Cache), false)
 9 FCPATH\index.php(67): CodeIgniter\CodeIgniter->run()
CRITICAL - 2023-02-04 20:29:48 --> Undefined index: nombre
in APPPATH\Views\ventanas\pacientes.php on line 36.
 1 APPPATH\Views\ventanas\pacientes.php(36): CodeIgniter\Debug\Exceptions->errorHandler(8, 'Undefined index: nombre', 'APPPATH\\Views\\ventanas\\pacientes.php', 36, [...])
 2 SYSTEMPATH\View\View.php(213): include('APPPATH\\Views\\ventanas\\pacientes.php')
 3 SYSTEMPATH\View\View.php(216): CodeIgniter\View\View->CodeIgniter\View\{closure}()
 4 SYSTEMPATH\Common.php(1177): CodeIgniter\View\View->render('/ventanas/pacientes.php', [], true)
 5 APPPATH\Controllers\controladorPaciente.php(34): view('/ventanas/pacientes.php', [...])
 6 SYSTEMPATH\CodeIgniter.php(934): App\Controllers\controladorPaciente->pacientes()
 7 SYSTEMPATH\CodeIgniter.php(499): CodeIgniter\CodeIgniter->runController(Object(App\Controllers\controladorPaciente))
 8 SYSTEMPATH\CodeIgniter.php(368): CodeIgniter\CodeIgniter->handleRequest(null, Object(Config\Cache), false)
 9 FCPATH\index.php(67): CodeIgniter\CodeIgniter->run()
CRITICAL - 2023-02-04 20:29:49 --> Undefined index: nombre
in APPPATH\Views\ventanas\pacientes.php on line 36.
 1 APPPATH\Views\ventanas\pacientes.php(36): CodeIgniter\Debug\Exceptions->errorHandler(8, 'Undefined index: nombre', 'APPPATH\\Views\\ventanas\\pacientes.php', 36, [...])
 2 SYSTEMPATH\View\View.php(213): include('APPPATH\\Views\\ventanas\\pacientes.php')
 3 SYSTEMPATH\View\View.php(216): CodeIgniter\View\View->CodeIgniter\View\{closure}()
 4 SYSTEMPATH\Common.php(1177): CodeIgniter\View\View->render('/ventanas/pacientes.php', [], true)
 5 APPPATH\Controllers\controladorPaciente.php(34): view('/ventanas/pacientes.php', [...])
 6 SYSTEMPATH\CodeIgniter.php(934): App\Controllers\controladorPaciente->pacientes()
 7 SYSTEMPATH\CodeIgniter.php(499): CodeIgniter\CodeIgniter->runController(Object(App\Controllers\controladorPaciente))
 8 SYSTEMPATH\CodeIgniter.php(368): CodeIgniter\CodeIgniter->handleRequest(null, Object(Config\Cache), false)
 9 FCPATH\index.php(67): CodeIgniter\CodeIgniter->run()
CRITICAL - 2023-02-04 20:32:39 --> Undefined index: nombre
in APPPATH\Views\ventanas\pacientes.php on line 36.
 1 APPPATH\Views\ventanas\pacientes.php(36): CodeIgniter\Debug\Exceptions->errorHandler(8, 'Undefined index: nombre', 'APPPATH\\Views\\ventanas\\pacientes.php', 36, [...])
 2 SYSTEMPATH\View\View.php(213): include('APPPATH\\Views\\ventanas\\pacientes.php')
 3 SYSTEMPATH\View\View.php(216): CodeIgniter\View\View->CodeIgniter\View\{closure}()
 4 SYSTEMPATH\Common.php(1177): CodeIgniter\View\View->render('/ventanas/pacientes.php', [], true)
 5 APPPATH\Controllers\controladorPaciente.php(34): view('/ventanas/pacientes.php', [...])
 6 SYSTEMPATH\CodeIgniter.php(934): App\Controllers\controladorPaciente->pacientes()
 7 SYSTEMPATH\CodeIgniter.php(499): CodeIgniter\CodeIgniter->runController(Object(App\Controllers\controladorPaciente))
 8 SYSTEMPATH\CodeIgniter.php(368): CodeIgniter\CodeIgniter->handleRequest(null, Object(Config\Cache), false)
 9 FCPATH\index.php(67): CodeIgniter\CodeIgniter->run()
CRITICAL - 2023-02-04 20:55:40 --> Undefined variable: datos
in APPPATH\Views\ventanas\asignarImc.php on line 7.
 1 APPPATH\Views\ventanas\asignarImc.php(7): CodeIgniter\Debug\Exceptions->errorHandler(8, 'Undefined variable: datos', 'APPPATH\\Views\\ventanas\\asignarImc.php', 7, [...])
 2 SYSTEMPATH\View\View.php(213): include('APPPATH\\Views\\ventanas\\asignarImc.php')
 3 SYSTEMPATH\View\View.php(216): CodeIgniter\View\View->CodeIgniter\View\{closure}()
 4 SYSTEMPATH\Common.php(1177): CodeIgniter\View\View->render('/ventanas/asignarImc.php', [], true)
 5 APPPATH\Controllers\controladorPaciente.php(49): view('/ventanas/asignarImc.php', [...])
 6 SYSTEMPATH\CodeIgniter.php(934): App\Controllers\controladorPaciente->asignarImc('10')
 7 SYSTEMPATH\CodeIgniter.php(499): CodeIgniter\CodeIgniter->runController(Object(App\Controllers\controladorPaciente))
 8 SYSTEMPATH\CodeIgniter.php(368): CodeIgniter\CodeIgniter->handleRequest(null, Object(Config\Cache), false)
 9 FCPATH\index.php(67): CodeIgniter\CodeIgniter->run()
CRITICAL - 2023-02-04 20:56:47 --> Undefined variable: datos
in APPPATH\Views\ventanas\asignarImc.php on line 7.
 1 APPPATH\Views\ventanas\asignarImc.php(7): CodeIgniter\Debug\Exceptions->errorHandler(8, 'Undefined variable: datos', 'APPPATH\\Views\\ventanas\\asignarImc.php', 7, [...])
 2 SYSTEMPATH\View\View.php(213): include('APPPATH\\Views\\ventanas\\asignarImc.php')
 3 SYSTEMPATH\View\View.php(216): CodeIgniter\View\View->CodeIgniter\View\{closure}()
 4 SYSTEMPATH\Common.php(1177): CodeIgniter\View\View->render('/ventanas/asignarImc.php', [], true)
 5 APPPATH\Controllers\controladorPaciente.php(49): view('/ventanas/asignarImc.php', [...])
 6 SYSTEMPATH\CodeIgniter.php(934): App\Controllers\controladorPaciente->asignarImc('10')
 7 SYSTEMPATH\CodeIgniter.php(499): CodeIgniter\CodeIgniter->runController(Object(App\Controllers\controladorPaciente))
 8 SYSTEMPATH\CodeIgniter.php(368): CodeIgniter\CodeIgniter->handleRequest(null, Object(Config\Cache), false)
 9 FCPATH\index.php(67): CodeIgniter\CodeIgniter->run()
CRITICAL - 2023-02-04 20:56:47 --> Undefined variable: datos
in APPPATH\Views\ventanas\asignarImc.php on line 7.
 1 APPPATH\Views\ventanas\asignarImc.php(7): CodeIgniter\Debug\Exceptions->errorHandler(8, 'Undefined variable: datos', 'APPPATH\\Views\\ventanas\\asignarImc.php', 7, [...])
 2 SYSTEMPATH\View\View.php(213): include('APPPATH\\Views\\ventanas\\asignarImc.php')
 3 SYSTEMPATH\View\View.php(216): CodeIgniter\View\View->CodeIgniter\View\{closure}()
 4 SYSTEMPATH\Common.php(1177): CodeIgniter\View\View->render('/ventanas/asignarImc.php', [], true)
 5 APPPATH\Controllers\controladorPaciente.php(49): view('/ventanas/asignarImc.php', [...])
 6 SYSTEMPATH\CodeIgniter.php(934): App\Controllers\controladorPaciente->asignarImc('10')
 7 SYSTEMPATH\CodeIgniter.php(499): CodeIgniter\CodeIgniter->runController(Object(App\Controllers\controladorPaciente))
 8 SYSTEMPATH\CodeIgniter.php(368): CodeIgniter\CodeIgniter->handleRequest(null, Object(Config\Cache), false)
 9 FCPATH\index.php(67): CodeIgniter\CodeIgniter->run()
CRITICAL - 2023-02-04 20:56:50 --> Undefined variable: datos
in APPPATH\Views\ventanas\asignarImc.php on line 7.
 1 APPPATH\Views\ventanas\asignarImc.php(7): CodeIgniter\Debug\Exceptions->errorHandler(8, 'Undefined variable: datos', 'APPPATH\\Views\\ventanas\\asignarImc.php', 7, [...])
 2 SYSTEMPATH\View\View.php(213): include('APPPATH\\Views\\ventanas\\asignarImc.php')
 3 SYSTEMPATH\View\View.php(216): CodeIgniter\View\View->CodeIgniter\View\{closure}()
 4 SYSTEMPATH\Common.php(1177): CodeIgniter\View\View->render('/ventanas/asignarImc.php', [], true)
 5 APPPATH\Controllers\controladorPaciente.php(49): view('/ventanas/asignarImc.php', [...])
 6 SYSTEMPATH\CodeIgniter.php(934): App\Controllers\controladorPaciente->asignarImc('10')
 7 SYSTEMPATH\CodeIgniter.php(499): CodeIgniter\CodeIgniter->runController(Object(App\Controllers\controladorPaciente))
 8 SYSTEMPATH\CodeIgniter.php(368): CodeIgniter\CodeIgniter->handleRequest(null, Object(Config\Cache), false)
 9 FCPATH\index.php(67): CodeIgniter\CodeIgniter->run()
CRITICAL - 2023-02-04 21:00:49 --> Undefined variable: datos
in APPPATH\Views\ventanas\asignarImc.php on line 7.
 1 APPPATH\Views\ventanas\asignarImc.php(7): CodeIgniter\Debug\Exceptions->errorHandler(8, 'Undefined variable: datos', 'APPPATH\\Views\\ventanas\\asignarImc.php', 7, [...])
 2 SYSTEMPATH\View\View.php(213): include('APPPATH\\Views\\ventanas\\asignarImc.php')
 3 SYSTEMPATH\View\View.php(216): CodeIgniter\View\View->CodeIgniter\View\{closure}()
 4 SYSTEMPATH\Common.php(1177): CodeIgniter\View\View->render('/ventanas/asignarImc.php', [], true)
 5 APPPATH\Controllers\controladorPaciente.php(49): view('/ventanas/asignarImc.php', [...])
 6 SYSTEMPATH\CodeIgniter.php(934): App\Controllers\controladorPaciente->asignarImc('10')
 7 SYSTEMPATH\CodeIgniter.php(499): CodeIgniter\CodeIgniter->runController(Object(App\Controllers\controladorPaciente))
 8 SYSTEMPATH\CodeIgniter.php(368): CodeIgniter\CodeIgniter->handleRequest(null, Object(Config\Cache), false)
 9 FCPATH\index.php(67): CodeIgniter\CodeIgniter->run()
CRITICAL - 2023-02-04 21:15:10 --> Undefined variable: id
in APPPATH\Views\ventanas\asignarImc.php on line 15.
 1 APPPATH\Views\ventanas\asignarImc.php(15): CodeIgniter\Debug\Exceptions->errorHandler(8, 'Undefined variable: id', 'APPPATH\\Views\\ventanas\\asignarImc.php', 15, [...])
 2 SYSTEMPATH\View\View.php(213): include('APPPATH\\Views\\ventanas\\asignarImc.php')
 3 SYSTEMPATH\View\View.php(216): CodeIgniter\View\View->CodeIgniter\View\{closure}()
 4 SYSTEMPATH\Common.php(1177): CodeIgniter\View\View->render('/ventanas/asignarImc.php', [], true)
 5 APPPATH\Controllers\controladorPaciente.php(49): view('/ventanas/asignarImc.php', [...])
 6 SYSTEMPATH\CodeIgniter.php(934): App\Controllers\controladorPaciente->asignarImc('10')
 7 SYSTEMPATH\CodeIgniter.php(499): CodeIgniter\CodeIgniter->runController(Object(App\Controllers\controladorPaciente))
 8 SYSTEMPATH\CodeIgniter.php(368): CodeIgniter\CodeIgniter->handleRequest(null, Object(Config\Cache), false)
 9 FCPATH\index.php(67): CodeIgniter\CodeIgniter->run()
CRITICAL - 2023-02-04 21:15:24 --> Undefined variable: datos
in APPPATH\Views\ventanas\asignarImc.php on line 7.
 1 APPPATH\Views\ventanas\asignarImc.php(7): CodeIgniter\Debug\Exceptions->errorHandler(8, 'Undefined variable: datos', 'APPPATH\\Views\\ventanas\\asignarImc.php', 7, [...])
 2 SYSTEMPATH\View\View.php(213): include('APPPATH\\Views\\ventanas\\asignarImc.php')
 3 SYSTEMPATH\View\View.php(216): CodeIgniter\View\View->CodeIgniter\View\{closure}()
 4 SYSTEMPATH\Common.php(1177): CodeIgniter\View\View->render('/ventanas/asignarImc.php', [], true)
 5 APPPATH\Controllers\controladorPaciente.php(49): view('/ventanas/asignarImc.php', [...])
 6 SYSTEMPATH\CodeIgniter.php(934): App\Controllers\controladorPaciente->asignarImc('10')
 7 SYSTEMPATH\CodeIgniter.php(499): CodeIgniter\CodeIgniter->runController(Object(App\Controllers\controladorPaciente))
 8 SYSTEMPATH\CodeIgniter.php(368): CodeIgniter\CodeIgniter->handleRequest(null, Object(Config\Cache), false)
 9 FCPATH\index.php(67): CodeIgniter\CodeIgniter->run()
CRITICAL - 2023-02-04 21:16:58 --> Undefined variable: datos
in APPPATH\Views\ventanas\asignarImc.php on line 7.
 1 APPPATH\Views\ventanas\asignarImc.php(7): CodeIgniter\Debug\Exceptions->errorHandler(8, 'Undefined variable: datos', 'APPPATH\\Views\\ventanas\\asignarImc.php', 7, [...])
 2 SYSTEMPATH\View\View.php(213): include('APPPATH\\Views\\ventanas\\asignarImc.php')
 3 SYSTEMPATH\View\View.php(216): CodeIgniter\View\View->CodeIgniter\View\{closure}()
 4 SYSTEMPATH\Common.php(1177): CodeIgniter\View\View->render('/ventanas/asignarImc.php', [], true)
 5 APPPATH\Controllers\controladorPaciente.php(57): view('/ventanas/asignarImc.php', [...])
 6 SYSTEMPATH\CodeIgniter.php(934): App\Controllers\controladorPaciente->asignarImc2()
 7 SYSTEMPATH\CodeIgniter.php(499): CodeIgniter\CodeIgniter->runController(Object(App\Controllers\controladorPaciente))
 8 SYSTEMPATH\CodeIgniter.php(368): CodeIgniter\CodeIgniter->handleRequest(null, Object(Config\Cache), false)
 9 FCPATH\index.php(67): CodeIgniter\CodeIgniter->run()
CRITICAL - 2023-02-04 21:17:00 --> Undefined variable: datos
in APPPATH\Views\ventanas\asignarImc.php on line 7.
 1 APPPATH\Views\ventanas\asignarImc.php(7): CodeIgniter\Debug\Exceptions->errorHandler(8, 'Undefined variable: datos', 'APPPATH\\Views\\ventanas\\asignarImc.php', 7, [...])
 2 SYSTEMPATH\View\View.php(213): include('APPPATH\\Views\\ventanas\\asignarImc.php')
 3 SYSTEMPATH\View\View.php(216): CodeIgniter\View\View->CodeIgniter\View\{closure}()
 4 SYSTEMPATH\Common.php(1177): CodeIgniter\View\View->render('/ventanas/asignarImc.php', [], true)
 5 APPPATH\Controllers\controladorPaciente.php(57): view('/ventanas/asignarImc.php', [...])
 6 SYSTEMPATH\CodeIgniter.php(934): App\Controllers\controladorPaciente->asignarImc2()
 7 SYSTEMPATH\CodeIgniter.php(499): CodeIgniter\CodeIgniter->runController(Object(App\Controllers\controladorPaciente))
 8 SYSTEMPATH\CodeIgniter.php(368): CodeIgniter\CodeIgniter->handleRequest(null, Object(Config\Cache), false)
 9 FCPATH\index.php(67): CodeIgniter\CodeIgniter->run()
CRITICAL - 2023-02-04 21:17:01 --> Undefined variable: datos
in APPPATH\Views\ventanas\asignarImc.php on line 7.
 1 APPPATH\Views\ventanas\asignarImc.php(7): CodeIgniter\Debug\Exceptions->errorHandler(8, 'Undefined variable: datos', 'APPPATH\\Views\\ventanas\\asignarImc.php', 7, [...])
 2 SYSTEMPATH\View\View.php(213): include('APPPATH\\Views\\ventanas\\asignarImc.php')
 3 SYSTEMPATH\View\View.php(216): CodeIgniter\View\View->CodeIgniter\View\{closure}()
 4 SYSTEMPATH\Common.php(1177): CodeIgniter\View\View->render('/ventanas/asignarImc.php', [], true)
 5 APPPATH\Controllers\controladorPaciente.php(57): view('/ventanas/asignarImc.php', [...])
 6 SYSTEMPATH\CodeIgniter.php(934): App\Controllers\controladorPaciente->asignarImc2()
 7 SYSTEMPATH\CodeIgniter.php(499): CodeIgniter\CodeIgniter->runController(Object(App\Controllers\controladorPaciente))
 8 SYSTEMPATH\CodeIgniter.php(368): CodeIgniter\CodeIgniter->handleRequest(null, Object(Config\Cache), false)
 9 FCPATH\index.php(67): CodeIgniter\CodeIgniter->run()
CRITICAL - 2023-02-04 21:17:01 --> Undefined variable: datos
in APPPATH\Views\ventanas\asignarImc.php on line 7.
 1 APPPATH\Views\ventanas\asignarImc.php(7): CodeIgniter\Debug\Exceptions->errorHandler(8, 'Undefined variable: datos', 'APPPATH\\Views\\ventanas\\asignarImc.php', 7, [...])
 2 SYSTEMPATH\View\View.php(213): include('APPPATH\\Views\\ventanas\\asignarImc.php')
 3 SYSTEMPATH\View\View.php(216): CodeIgniter\View\View->CodeIgniter\View\{closure}()
 4 SYSTEMPATH\Common.php(1177): CodeIgniter\View\View->render('/ventanas/asignarImc.php', [], true)
 5 APPPATH\Controllers\controladorPaciente.php(57): view('/ventanas/asignarImc.php', [...])
 6 SYSTEMPATH\CodeIgniter.php(934): App\Controllers\controladorPaciente->asignarImc2()
 7 SYSTEMPATH\CodeIgniter.php(499): CodeIgniter\CodeIgniter->runController(Object(App\Controllers\controladorPaciente))
 8 SYSTEMPATH\CodeIgniter.php(368): CodeIgniter\CodeIgniter->handleRequest(null, Object(Config\Cache), false)
 9 FCPATH\index.php(67): CodeIgniter\CodeIgniter->run()
CRITICAL - 2023-02-04 21:17:04 --> Undefined variable: datos
in APPPATH\Views\ventanas\asignarImc.php on line 7.
 1 APPPATH\Views\ventanas\asignarImc.php(7): CodeIgniter\Debug\Exceptions->errorHandler(8, 'Undefined variable: datos', 'APPPATH\\Views\\ventanas\\asignarImc.php', 7, [...])
 2 SYSTEMPATH\View\View.php(213): include('APPPATH\\Views\\ventanas\\asignarImc.php')
 3 SYSTEMPATH\View\View.php(216): CodeIgniter\View\View->CodeIgniter\View\{closure}()
 4 SYSTEMPATH\Common.php(1177): CodeIgniter\View\View->render('/ventanas/asignarImc.php', [], true)
 5 APPPATH\Controllers\controladorPaciente.php(57): view('/ventanas/asignarImc.php', [...])
 6 SYSTEMPATH\CodeIgniter.php(934): App\Controllers\controladorPaciente->asignarImc2()
 7 SYSTEMPATH\CodeIgniter.php(499): CodeIgniter\CodeIgniter->runController(Object(App\Controllers\controladorPaciente))
 8 SYSTEMPATH\CodeIgniter.php(368): CodeIgniter\CodeIgniter->handleRequest(null, Object(Config\Cache), false)
 9 FCPATH\index.php(67): CodeIgniter\CodeIgniter->run()
CRITICAL - 2023-02-04 21:17:19 --> Undefined variable: datos
in APPPATH\Views\ventanas\asignarImc.php on line 7.
 1 APPPATH\Views\ventanas\asignarImc.php(7): CodeIgniter\Debug\Exceptions->errorHandler(8, 'Undefined variable: datos', 'APPPATH\\Views\\ventanas\\asignarImc.php', 7, [...])
 2 SYSTEMPATH\View\View.php(213): include('APPPATH\\Views\\ventanas\\asignarImc.php')
 3 SYSTEMPATH\View\View.php(216): CodeIgniter\View\View->CodeIgniter\View\{closure}()
 4 SYSTEMPATH\Common.php(1177): CodeIgniter\View\View->render('/ventanas/asignarImc.php', [], true)
 5 APPPATH\Controllers\controladorPaciente.php(57): view('/ventanas/asignarImc.php', [...])
 6 SYSTEMPATH\CodeIgniter.php(934): App\Controllers\controladorPaciente->asignarImc2()
 7 SYSTEMPATH\CodeIgniter.php(499): CodeIgniter\CodeIgniter->runController(Object(App\Controllers\controladorPaciente))
 8 SYSTEMPATH\CodeIgniter.php(368): CodeIgniter\CodeIgniter->handleRequest(null, Object(Config\Cache), false)
 9 FCPATH\index.php(67): CodeIgniter\CodeIgniter->run()
CRITICAL - 2023-02-04 21:19:33 --> Undefined variable: id
in APPPATH\Views\ventanas\asignarImc2.php on line 13.
 1 APPPATH\Views\ventanas\asignarImc2.php(13): CodeIgniter\Debug\Exceptions->errorHandler(8, 'Undefined variable: id', 'APPPATH\\Views\\ventanas\\asignarImc2.php', 13, [...])
 2 SYSTEMPATH\View\View.php(213): include('APPPATH\\Views\\ventanas\\asignarImc2.php')
 3 SYSTEMPATH\View\View.php(216): CodeIgniter\View\View->CodeIgniter\View\{closure}()
 4 SYSTEMPATH\Common.php(1177): CodeIgniter\View\View->render('/ventanas/asignarImc2.php', [], true)
 5 APPPATH\Controllers\controladorPaciente.php(57): view('/ventanas/asignarImc2.php', [...])
 6 SYSTEMPATH\CodeIgniter.php(934): App\Controllers\controladorPaciente->asignarImc2()
 7 SYSTEMPATH\CodeIgniter.php(499): CodeIgniter\CodeIgniter->runController(Object(App\Controllers\controladorPaciente))
 8 SYSTEMPATH\CodeIgniter.php(368): CodeIgniter\CodeIgniter->handleRequest(null, Object(Config\Cache), false)
 9 FCPATH\index.php(67): CodeIgniter\CodeIgniter->run()
CRITICAL - 2023-02-04 21:20:17 --> Undefined variable: datos
in APPPATH\Views\ventanas\asignarImc2.php on line 18.
 1 APPPATH\Views\ventanas\asignarImc2.php(18): CodeIgniter\Debug\Exceptions->errorHandler(8, 'Undefined variable: datos', 'APPPATH\\Views\\ventanas\\asignarImc2.php', 18, [...])
 2 SYSTEMPATH\View\View.php(213): include('APPPATH\\Views\\ventanas\\asignarImc2.php')
 3 SYSTEMPATH\View\View.php(216): CodeIgniter\View\View->CodeIgniter\View\{closure}()
 4 SYSTEMPATH\Common.php(1177): CodeIgniter\View\View->render('/ventanas/asignarImc2.php', [], true)
 5 APPPATH\Controllers\controladorPaciente.php(57): view('/ventanas/asignarImc2.php', [...])
 6 SYSTEMPATH\CodeIgniter.php(934): App\Controllers\controladorPaciente->asignarImc2()
 7 SYSTEMPATH\CodeIgniter.php(499): CodeIgniter\CodeIgniter->runController(Object(App\Controllers\controladorPaciente))
 8 SYSTEMPATH\CodeIgniter.php(368): CodeIgniter\CodeIgniter->handleRequest(null, Object(Config\Cache), false)
 9 FCPATH\index.php(67): CodeIgniter\CodeIgniter->run()
CRITICAL - 2023-02-04 21:20:40 --> Undefined variable: datos
in APPPATH\Views\ventanas\asignarImc2.php on line 18.
 1 APPPATH\Views\ventanas\asignarImc2.php(18): CodeIgniter\Debug\Exceptions->errorHandler(8, 'Undefined variable: datos', 'APPPATH\\Views\\ventanas\\asignarImc2.php', 18, [...])
 2 SYSTEMPATH\View\View.php(213): include('APPPATH\\Views\\ventanas\\asignarImc2.php')
 3 SYSTEMPATH\View\View.php(216): CodeIgniter\View\View->CodeIgniter\View\{closure}()
 4 SYSTEMPATH\Common.php(1177): CodeIgniter\View\View->render('/ventanas/asignarImc2.php', [], true)
 5 APPPATH\Controllers\controladorPaciente.php(57): view('/ventanas/asignarImc2.php', [...])
 6 SYSTEMPATH\CodeIgniter.php(934): App\Controllers\controladorPaciente->asignarImc2()
 7 SYSTEMPATH\CodeIgniter.php(499): CodeIgniter\CodeIgniter->runController(Object(App\Controllers\controladorPaciente))
 8 SYSTEMPATH\CodeIgniter.php(368): CodeIgniter\CodeIgniter->handleRequest(null, Object(Config\Cache), false)
 9 FCPATH\index.php(67): CodeIgniter\CodeIgniter->run()
CRITICAL - 2023-02-04 21:22:07 --> Undefined index: pac_id
in APPPATH\Views\ventanas\asignarImc2.php on line 24.
 1 APPPATH\Views\ventanas\asignarImc2.php(24): CodeIgniter\Debug\Exceptions->errorHandler(8, 'Undefined index: pac_id', 'APPPATH\\Views\\ventanas\\asignarImc2.php', 24, [...])
 2 SYSTEMPATH\View\View.php(213): include('APPPATH\\Views\\ventanas\\asignarImc2.php')
 3 SYSTEMPATH\View\View.php(216): CodeIgniter\View\View->CodeIgniter\View\{closure}()
 4 SYSTEMPATH\Common.php(1177): CodeIgniter\View\View->render('/ventanas/asignarImc2.php', [], true)
 5 APPPATH\Controllers\controladorPaciente.php(57): view('/ventanas/asignarImc2.php', [...])
 6 SYSTEMPATH\CodeIgniter.php(934): App\Controllers\controladorPaciente->asignarImc2()
 7 SYSTEMPATH\CodeIgniter.php(499): CodeIgniter\CodeIgniter->runController(Object(App\Controllers\controladorPaciente))
 8 SYSTEMPATH\CodeIgniter.php(368): CodeIgniter\CodeIgniter->handleRequest(null, Object(Config\Cache), false)
 9 FCPATH\index.php(67): CodeIgniter\CodeIgniter->run()
CRITICAL - 2023-02-04 21:27:36 --> Undefined variable: datos
in APPPATH\Views\ventanas\asignarImc.php on line 7.
 1 APPPATH\Views\ventanas\asignarImc.php(7): CodeIgniter\Debug\Exceptions->errorHandler(8, 'Undefined variable: datos', 'APPPATH\\Views\\ventanas\\asignarImc.php', 7, [...])
 2 SYSTEMPATH\View\View.php(213): include('APPPATH\\Views\\ventanas\\asignarImc.php')
 3 SYSTEMPATH\View\View.php(216): CodeIgniter\View\View->CodeIgniter\View\{closure}()
 4 SYSTEMPATH\Common.php(1177): CodeIgniter\View\View->render('/ventanas/asignarImc.php', [], true)
 5 APPPATH\Controllers\controladorPaciente.php(49): view('/ventanas/asignarImc.php', [...])
 6 SYSTEMPATH\CodeIgniter.php(934): App\Controllers\controladorPaciente->asignarImc('10')
 7 SYSTEMPATH\CodeIgniter.php(499): CodeIgniter\CodeIgniter->runController(Object(App\Controllers\controladorPaciente))
 8 SYSTEMPATH\CodeIgniter.php(368): CodeIgniter\CodeIgniter->handleRequest(null, Object(Config\Cache), false)
 9 FCPATH\index.php(67): CodeIgniter\CodeIgniter->run()
CRITICAL - 2023-02-04 21:46:32 --> Undefined variable: datos
in APPPATH\Views\ventanas\asignarImc.php on line 7.
 1 APPPATH\Views\ventanas\asignarImc.php(7): CodeIgniter\Debug\Exceptions->errorHandler(8, 'Undefined variable: datos', 'APPPATH\\Views\\ventanas\\asignarImc.php', 7, [...])
 2 SYSTEMPATH\View\View.php(213): include('APPPATH\\Views\\ventanas\\asignarImc.php')
 3 SYSTEMPATH\View\View.php(216): CodeIgniter\View\View->CodeIgniter\View\{closure}()
 4 SYSTEMPATH\Common.php(1177): CodeIgniter\View\View->render('/ventanas/asignarImc.php', [], true)
 5 APPPATH\Controllers\controladorPaciente.php(49): view('/ventanas/asignarImc.php', [...])
 6 SYSTEMPATH\CodeIgniter.php(934): App\Controllers\controladorPaciente->asignarImc('10')
 7 SYSTEMPATH\CodeIgniter.php(499): CodeIgniter\CodeIgniter->runController(Object(App\Controllers\controladorPaciente))
 8 SYSTEMPATH\CodeIgniter.php(368): CodeIgniter\CodeIgniter->handleRequest(null, Object(Config\Cache), false)
 9 FCPATH\index.php(67): CodeIgniter\CodeIgniter->run()
CRITICAL - 2023-02-04 21:49:25 --> Undefined variable: datos
in APPPATH\Views\ventanas\asignarImc.php on line 7.
 1 APPPATH\Views\ventanas\asignarImc.php(7): CodeIgniter\Debug\Exceptions->errorHandler(8, 'Undefined variable: datos', 'APPPATH\\Views\\ventanas\\asignarImc.php', 7, [...])
 2 SYSTEMPATH\View\View.php(213): include('APPPATH\\Views\\ventanas\\asignarImc.php')
 3 SYSTEMPATH\View\View.php(216): CodeIgniter\View\View->CodeIgniter\View\{closure}()
 4 SYSTEMPATH\Common.php(1177): CodeIgniter\View\View->render('/ventanas/asignarImc.php', [], true)
 5 APPPATH\Controllers\controladorPaciente.php(49): view('/ventanas/asignarImc.php', [...])
 6 SYSTEMPATH\CodeIgniter.php(934): App\Controllers\controladorPaciente->asignarImc('10')
 7 SYSTEMPATH\CodeIgniter.php(499): CodeIgniter\CodeIgniter->runController(Object(App\Controllers\controladorPaciente))
 8 SYSTEMPATH\CodeIgniter.php(368): CodeIgniter\CodeIgniter->handleRequest(null, Object(Config\Cache), false)
 9 FCPATH\index.php(67): CodeIgniter\CodeIgniter->run()
CRITICAL - 2023-02-04 21:49:28 --> Undefined variable: datos
in APPPATH\Views\ventanas\asignarImc.php on line 7.
 1 APPPATH\Views\ventanas\asignarImc.php(7): CodeIgniter\Debug\Exceptions->errorHandler(8, 'Undefined variable: datos', 'APPPATH\\Views\\ventanas\\asignarImc.php', 7, [...])
 2 SYSTEMPATH\View\View.php(213): include('APPPATH\\Views\\ventanas\\asignarImc.php')
 3 SYSTEMPATH\View\View.php(216): CodeIgniter\View\View->CodeIgniter\View\{closure}()
 4 SYSTEMPATH\Common.php(1177): CodeIgniter\View\View->render('/ventanas/asignarImc.php', [], true)
 5 APPPATH\Controllers\controladorPaciente.php(49): view('/ventanas/asignarImc.php', [...])
 6 SYSTEMPATH\CodeIgniter.php(934): App\Controllers\controladorPaciente->asignarImc('10')
 7 SYSTEMPATH\CodeIgniter.php(499): CodeIgniter\CodeIgniter->runController(Object(App\Controllers\controladorPaciente))
 8 SYSTEMPATH\CodeIgniter.php(368): CodeIgniter\CodeIgniter->handleRequest(null, Object(Config\Cache), false)
 9 FCPATH\index.php(67): CodeIgniter\CodeIgniter->run()
CRITICAL - 2023-02-04 21:52:27 --> Undefined variable: datos
in APPPATH\Views\ventanas\asignarImc.php on line 7.
 1 APPPATH\Views\ventanas\asignarImc.php(7): CodeIgniter\Debug\Exceptions->errorHandler(8, 'Undefined variable: datos', 'APPPATH\\Views\\ventanas\\asignarImc.php', 7, [...])
 2 SYSTEMPATH\View\View.php(213): include('APPPATH\\Views\\ventanas\\asignarImc.php')
 3 SYSTEMPATH\View\View.php(216): CodeIgniter\View\View->CodeIgniter\View\{closure}()
 4 SYSTEMPATH\Common.php(1177): CodeIgniter\View\View->render('/ventanas/asignarImc.php', [], true)
 5 APPPATH\Controllers\controladorPaciente.php(49): view('/ventanas/asignarImc.php', [...])
 6 SYSTEMPATH\CodeIgniter.php(934): App\Controllers\controladorPaciente->asignarImc('10')
 7 SYSTEMPATH\CodeIgniter.php(499): CodeIgniter\CodeIgniter->runController(Object(App\Controllers\controladorPaciente))
 8 SYSTEMPATH\CodeIgniter.php(368): CodeIgniter\CodeIgniter->handleRequest(null, Object(Config\Cache), false)
 9 FCPATH\index.php(67): CodeIgniter\CodeIgniter->run()
CRITICAL - 2023-02-04 21:52:28 --> Undefined variable: datos
in APPPATH\Views\ventanas\asignarImc.php on line 7.
 1 APPPATH\Views\ventanas\asignarImc.php(7): CodeIgniter\Debug\Exceptions->errorHandler(8, 'Undefined variable: datos', 'APPPATH\\Views\\ventanas\\asignarImc.php', 7, [...])
 2 SYSTEMPATH\View\View.php(213): include('APPPATH\\Views\\ventanas\\asignarImc.php')
 3 SYSTEMPATH\View\View.php(216): CodeIgniter\View\View->CodeIgniter\View\{closure}()
 4 SYSTEMPATH\Common.php(1177): CodeIgniter\View\View->render('/ventanas/asignarImc.php', [], true)
 5 APPPATH\Controllers\controladorPaciente.php(49): view('/ventanas/asignarImc.php', [...])
 6 SYSTEMPATH\CodeIgniter.php(934): App\Controllers\controladorPaciente->asignarImc('10')
 7 SYSTEMPATH\CodeIgniter.php(499): CodeIgniter\CodeIgniter->runController(Object(App\Controllers\controladorPaciente))
 8 SYSTEMPATH\CodeIgniter.php(368): CodeIgniter\CodeIgniter->handleRequest(null, Object(Config\Cache), false)
 9 FCPATH\index.php(67): CodeIgniter\CodeIgniter->run()
CRITICAL - 2023-02-04 21:54:04 --> Undefined variable: datos
in APPPATH\Views\ventanas\asignarImc.php on line 7.
 1 APPPATH\Views\ventanas\asignarImc.php(7): CodeIgniter\Debug\Exceptions->errorHandler(8, 'Undefined variable: datos', 'APPPATH\\Views\\ventanas\\asignarImc.php', 7, [...])
 2 SYSTEMPATH\View\View.php(213): include('APPPATH\\Views\\ventanas\\asignarImc.php')
 3 SYSTEMPATH\View\View.php(216): CodeIgniter\View\View->CodeIgniter\View\{closure}()
 4 SYSTEMPATH\Common.php(1177): CodeIgniter\View\View->render('/ventanas/asignarImc.php', [], true)
 5 APPPATH\Controllers\controladorPaciente.php(49): view('/ventanas/asignarImc.php', [...])
 6 SYSTEMPATH\CodeIgniter.php(934): App\Controllers\controladorPaciente->asignarImc('10')
 7 SYSTEMPATH\CodeIgniter.php(499): CodeIgniter\CodeIgniter->runController(Object(App\Controllers\controladorPaciente))
 8 SYSTEMPATH\CodeIgniter.php(368): CodeIgniter\CodeIgniter->handleRequest(null, Object(Config\Cache), false)
 9 FCPATH\index.php(67): CodeIgniter\CodeIgniter->run()
CRITICAL - 2023-02-04 21:55:19 --> Undefined variable: datos
in APPPATH\Views\ventanas\asignarImc.php on line 7.
 1 APPPATH\Views\ventanas\asignarImc.php(7): CodeIgniter\Debug\Exceptions->errorHandler(8, 'Undefined variable: datos', 'APPPATH\\Views\\ventanas\\asignarImc.php', 7, [...])
 2 SYSTEMPATH\View\View.php(213): include('APPPATH\\Views\\ventanas\\asignarImc.php')
 3 SYSTEMPATH\View\View.php(216): CodeIgniter\View\View->CodeIgniter\View\{closure}()
 4 SYSTEMPATH\Common.php(1177): CodeIgniter\View\View->render('/ventanas/asignarImc.php', [], true)
 5 APPPATH\Controllers\controladorPaciente.php(49): view('/ventanas/asignarImc.php', [...])
 6 SYSTEMPATH\CodeIgniter.php(934): App\Controllers\controladorPaciente->asignarImc('10')
 7 SYSTEMPATH\CodeIgniter.php(499): CodeIgniter\CodeIgniter->runController(Object(App\Controllers\controladorPaciente))
 8 SYSTEMPATH\CodeIgniter.php(368): CodeIgniter\CodeIgniter->handleRequest(null, Object(Config\Cache), false)
 9 FCPATH\index.php(67): CodeIgniter\CodeIgniter->run()
CRITICAL - 2023-02-04 21:55:20 --> Undefined variable: datos
in APPPATH\Views\ventanas\asignarImc.php on line 7.
 1 APPPATH\Views\ventanas\asignarImc.php(7): CodeIgniter\Debug\Exceptions->errorHandler(8, 'Undefined variable: datos', 'APPPATH\\Views\\ventanas\\asignarImc.php', 7, [...])
 2 SYSTEMPATH\View\View.php(213): include('APPPATH\\Views\\ventanas\\asignarImc.php')
 3 SYSTEMPATH\View\View.php(216): CodeIgniter\View\View->CodeIgniter\View\{closure}()
 4 SYSTEMPATH\Common.php(1177): CodeIgniter\View\View->render('/ventanas/asignarImc.php', [], true)
 5 APPPATH\Controllers\controladorPaciente.php(49): view('/ventanas/asignarImc.php', [...])
 6 SYSTEMPATH\CodeIgniter.php(934): App\Controllers\controladorPaciente->asignarImc('10')
 7 SYSTEMPATH\CodeIgniter.php(499): CodeIgniter\CodeIgniter->runController(Object(App\Controllers\controladorPaciente))
 8 SYSTEMPATH\CodeIgniter.php(368): CodeIgniter\CodeIgniter->handleRequest(null, Object(Config\Cache), false)
 9 FCPATH\index.php(67): CodeIgniter\CodeIgniter->run()
CRITICAL - 2023-02-04 21:55:23 --> Undefined variable: datos
in APPPATH\Views\ventanas\asignarImc.php on line 7.
 1 APPPATH\Views\ventanas\asignarImc.php(7): CodeIgniter\Debug\Exceptions->errorHandler(8, 'Undefined variable: datos', 'APPPATH\\Views\\ventanas\\asignarImc.php', 7, [...])
 2 SYSTEMPATH\View\View.php(213): include('APPPATH\\Views\\ventanas\\asignarImc.php')
 3 SYSTEMPATH\View\View.php(216): CodeIgniter\View\View->CodeIgniter\View\{closure}()
 4 SYSTEMPATH\Common.php(1177): CodeIgniter\View\View->render('/ventanas/asignarImc.php', [], true)
 5 APPPATH\Controllers\controladorPaciente.php(49): view('/ventanas/asignarImc.php', [...])
 6 SYSTEMPATH\CodeIgniter.php(934): App\Controllers\controladorPaciente->asignarImc('10')
 7 SYSTEMPATH\CodeIgniter.php(499): CodeIgniter\CodeIgniter->runController(Object(App\Controllers\controladorPaciente))
 8 SYSTEMPATH\CodeIgniter.php(368): CodeIgniter\CodeIgniter->handleRequest(null, Object(Config\Cache), false)
 9 FCPATH\index.php(67): CodeIgniter\CodeIgniter->run()
CRITICAL - 2023-02-04 21:55:47 --> Undefined variable: datos
in APPPATH\Views\ventanas\asignarImc.php on line 7.
 1 APPPATH\Views\ventanas\asignarImc.php(7): CodeIgniter\Debug\Exceptions->errorHandler(8, 'Undefined variable: datos', 'APPPATH\\Views\\ventanas\\asignarImc.php', 7, [...])
 2 SYSTEMPATH\View\View.php(213): include('APPPATH\\Views\\ventanas\\asignarImc.php')
 3 SYSTEMPATH\View\View.php(216): CodeIgniter\View\View->CodeIgniter\View\{closure}()
 4 SYSTEMPATH\Common.php(1177): CodeIgniter\View\View->render('/ventanas/asignarImc.php', [], true)
 5 APPPATH\Controllers\controladorPaciente.php(49): view('/ventanas/asignarImc.php', [...])
 6 SYSTEMPATH\CodeIgniter.php(934): App\Controllers\controladorPaciente->asignarImc('10')
 7 SYSTEMPATH\CodeIgniter.php(499): CodeIgniter\CodeIgniter->runController(Object(App\Controllers\controladorPaciente))
 8 SYSTEMPATH\CodeIgniter.php(368): CodeIgniter\CodeIgniter->handleRequest(null, Object(Config\Cache), false)
 9 FCPATH\index.php(67): CodeIgniter\CodeIgniter->run()
CRITICAL - 2023-02-04 21:55:47 --> Undefined variable: datos
in APPPATH\Views\ventanas\asignarImc.php on line 7.
 1 APPPATH\Views\ventanas\asignarImc.php(7): CodeIgniter\Debug\Exceptions->errorHandler(8, 'Undefined variable: datos', 'APPPATH\\Views\\ventanas\\asignarImc.php', 7, [...])
 2 SYSTEMPATH\View\View.php(213): include('APPPATH\\Views\\ventanas\\asignarImc.php')
 3 SYSTEMPATH\View\View.php(216): CodeIgniter\View\View->CodeIgniter\View\{closure}()
 4 SYSTEMPATH\Common.php(1177): CodeIgniter\View\View->render('/ventanas/asignarImc.php', [], true)
 5 APPPATH\Controllers\controladorPaciente.php(49): view('/ventanas/asignarImc.php', [...])
 6 SYSTEMPATH\CodeIgniter.php(934): App\Controllers\controladorPaciente->asignarImc('10')
 7 SYSTEMPATH\CodeIgniter.php(499): CodeIgniter\CodeIgniter->runController(Object(App\Controllers\controladorPaciente))
 8 SYSTEMPATH\CodeIgniter.php(368): CodeIgniter\CodeIgniter->handleRequest(null, Object(Config\Cache), false)
 9 FCPATH\index.php(67): CodeIgniter\CodeIgniter->run()
CRITICAL - 2023-02-04 21:56:56 --> Undefined variable: datos
in APPPATH\Views\ventanas\asignarImc.php on line 7.
 1 APPPATH\Views\ventanas\asignarImc.php(7): CodeIgniter\Debug\Exceptions->errorHandler(8, 'Undefined variable: datos', 'APPPATH\\Views\\ventanas\\asignarImc.php', 7, [...])
 2 SYSTEMPATH\View\View.php(213): include('APPPATH\\Views\\ventanas\\asignarImc.php')
 3 SYSTEMPATH\View\View.php(216): CodeIgniter\View\View->CodeIgniter\View\{closure}()
 4 SYSTEMPATH\Common.php(1177): CodeIgniter\View\View->render('/ventanas/asignarImc.php', [], true)
 5 APPPATH\Controllers\controladorPaciente.php(50): view('/ventanas/asignarImc.php', [...])
 6 SYSTEMPATH\CodeIgniter.php(934): App\Controllers\controladorPaciente->asignarImc('10')
 7 SYSTEMPATH\CodeIgniter.php(499): CodeIgniter\CodeIgniter->runController(Object(App\Controllers\controladorPaciente))
 8 SYSTEMPATH\CodeIgniter.php(368): CodeIgniter\CodeIgniter->handleRequest(null, Object(Config\Cache), false)
 9 FCPATH\index.php(67): CodeIgniter\CodeIgniter->run()
CRITICAL - 2023-02-04 21:58:09 --> Undefined variable: datos
in APPPATH\Views\ventanas\asignarImc.php on line 7.
 1 APPPATH\Views\ventanas\asignarImc.php(7): CodeIgniter\Debug\Exceptions->errorHandler(8, 'Undefined variable: datos', 'APPPATH\\Views\\ventanas\\asignarImc.php', 7, [...])
 2 SYSTEMPATH\View\View.php(213): include('APPPATH\\Views\\ventanas\\asignarImc.php')
 3 SYSTEMPATH\View\View.php(216): CodeIgniter\View\View->CodeIgniter\View\{closure}()
 4 SYSTEMPATH\Common.php(1177): CodeIgniter\View\View->render('/ventanas/asignarImc.php', [], true)
 5 APPPATH\Controllers\controladorPaciente.php(50): view('/ventanas/asignarImc.php', [...])
 6 SYSTEMPATH\CodeIgniter.php(934): App\Controllers\controladorPaciente->asignarImc('10')
 7 SYSTEMPATH\CodeIgniter.php(499): CodeIgniter\CodeIgniter->runController(Object(App\Controllers\controladorPaciente))
 8 SYSTEMPATH\CodeIgniter.php(368): CodeIgniter\CodeIgniter->handleRequest(null, Object(Config\Cache), false)
 9 FCPATH\index.php(67): CodeIgniter\CodeIgniter->run()
CRITICAL - 2023-02-04 21:58:10 --> Undefined variable: datos
in APPPATH\Views\ventanas\asignarImc.php on line 7.
 1 APPPATH\Views\ventanas\asignarImc.php(7): CodeIgniter\Debug\Exceptions->errorHandler(8, 'Undefined variable: datos', 'APPPATH\\Views\\ventanas\\asignarImc.php', 7, [...])
 2 SYSTEMPATH\View\View.php(213): include('APPPATH\\Views\\ventanas\\asignarImc.php')
 3 SYSTEMPATH\View\View.php(216): CodeIgniter\View\View->CodeIgniter\View\{closure}()
 4 SYSTEMPATH\Common.php(1177): CodeIgniter\View\View->render('/ventanas/asignarImc.php', [], true)
 5 APPPATH\Controllers\controladorPaciente.php(50): view('/ventanas/asignarImc.php', [...])
 6 SYSTEMPATH\CodeIgniter.php(934): App\Controllers\controladorPaciente->asignarImc('10')
 7 SYSTEMPATH\CodeIgniter.php(499): CodeIgniter\CodeIgniter->runController(Object(App\Controllers\controladorPaciente))
 8 SYSTEMPATH\CodeIgniter.php(368): CodeIgniter\CodeIgniter->handleRequest(null, Object(Config\Cache), false)
 9 FCPATH\index.php(67): CodeIgniter\CodeIgniter->run()
CRITICAL - 2023-02-04 21:58:10 --> Undefined variable: datos
in APPPATH\Views\ventanas\asignarImc.php on line 7.
 1 APPPATH\Views\ventanas\asignarImc.php(7): CodeIgniter\Debug\Exceptions->errorHandler(8, 'Undefined variable: datos', 'APPPATH\\Views\\ventanas\\asignarImc.php', 7, [...])
 2 SYSTEMPATH\View\View.php(213): include('APPPATH\\Views\\ventanas\\asignarImc.php')
 3 SYSTEMPATH\View\View.php(216): CodeIgniter\View\View->CodeIgniter\View\{closure}()
 4 SYSTEMPATH\Common.php(1177): CodeIgniter\View\View->render('/ventanas/asignarImc.php', [], true)
 5 APPPATH\Controllers\controladorPaciente.php(50): view('/ventanas/asignarImc.php', [...])
 6 SYSTEMPATH\CodeIgniter.php(934): App\Controllers\controladorPaciente->asignarImc('10')
 7 SYSTEMPATH\CodeIgniter.php(499): CodeIgniter\CodeIgniter->runController(Object(App\Controllers\controladorPaciente))
 8 SYSTEMPATH\CodeIgniter.php(368): CodeIgniter\CodeIgniter->handleRequest(null, Object(Config\Cache), false)
 9 FCPATH\index.php(67): CodeIgniter\CodeIgniter->run()
CRITICAL - 2023-02-04 22:03:29 --> Undefined variable: datos
in APPPATH\Views\ventanas\asignarImc.php on line 7.
 1 APPPATH\Views\ventanas\asignarImc.php(7): CodeIgniter\Debug\Exceptions->errorHandler(8, 'Undefined variable: datos', 'APPPATH\\Views\\ventanas\\asignarImc.php', 7, [...])
 2 SYSTEMPATH\View\View.php(213): include('APPPATH\\Views\\ventanas\\asignarImc.php')
 3 SYSTEMPATH\View\View.php(216): CodeIgniter\View\View->CodeIgniter\View\{closure}()
 4 SYSTEMPATH\Common.php(1177): CodeIgniter\View\View->render('/ventanas/asignarImc.php', [], true)
 5 APPPATH\Controllers\controladorPaciente.php(50): view('/ventanas/asignarImc.php', [...])
 6 SYSTEMPATH\CodeIgniter.php(934): App\Controllers\controladorPaciente->asignarImc('10')
 7 SYSTEMPATH\CodeIgniter.php(499): CodeIgniter\CodeIgniter->runController(Object(App\Controllers\controladorPaciente))
 8 SYSTEMPATH\CodeIgniter.php(368): CodeIgniter\CodeIgniter->handleRequest(null, Object(Config\Cache), false)
 9 FCPATH\index.php(67): CodeIgniter\CodeIgniter->run()
CRITICAL - 2023-02-04 22:03:30 --> Undefined variable: datos
in APPPATH\Views\ventanas\asignarImc.php on line 7.
 1 APPPATH\Views\ventanas\asignarImc.php(7): CodeIgniter\Debug\Exceptions->errorHandler(8, 'Undefined variable: datos', 'APPPATH\\Views\\ventanas\\asignarImc.php', 7, [...])
 2 SYSTEMPATH\View\View.php(213): include('APPPATH\\Views\\ventanas\\asignarImc.php')
 3 SYSTEMPATH\View\View.php(216): CodeIgniter\View\View->CodeIgniter\View\{closure}()
 4 SYSTEMPATH\Common.php(1177): CodeIgniter\View\View->render('/ventanas/asignarImc.php', [], true)
 5 APPPATH\Controllers\controladorPaciente.php(50): view('/ventanas/asignarImc.php', [...])
 6 SYSTEMPATH\CodeIgniter.php(934): App\Controllers\controladorPaciente->asignarImc('10')
 7 SYSTEMPATH\CodeIgniter.php(499): CodeIgniter\CodeIgniter->runController(Object(App\Controllers\controladorPaciente))
 8 SYSTEMPATH\CodeIgniter.php(368): CodeIgniter\CodeIgniter->handleRequest(null, Object(Config\Cache), false)
 9 FCPATH\index.php(67): CodeIgniter\CodeIgniter->run()
CRITICAL - 2023-02-04 22:03:30 --> Undefined variable: datos
in APPPATH\Views\ventanas\asignarImc.php on line 7.
 1 APPPATH\Views\ventanas\asignarImc.php(7): CodeIgniter\Debug\Exceptions->errorHandler(8, 'Undefined variable: datos', 'APPPATH\\Views\\ventanas\\asignarImc.php', 7, [...])
 2 SYSTEMPATH\View\View.php(213): include('APPPATH\\Views\\ventanas\\asignarImc.php')
 3 SYSTEMPATH\View\View.php(216): CodeIgniter\View\View->CodeIgniter\View\{closure}()
 4 SYSTEMPATH\Common.php(1177): CodeIgniter\View\View->render('/ventanas/asignarImc.php', [], true)
 5 APPPATH\Controllers\controladorPaciente.php(50): view('/ventanas/asignarImc.php', [...])
 6 SYSTEMPATH\CodeIgniter.php(934): App\Controllers\controladorPaciente->asignarImc('10')
 7 SYSTEMPATH\CodeIgniter.php(499): CodeIgniter\CodeIgniter->runController(Object(App\Controllers\controladorPaciente))
 8 SYSTEMPATH\CodeIgniter.php(368): CodeIgniter\CodeIgniter->handleRequest(null, Object(Config\Cache), false)
 9 FCPATH\index.php(67): CodeIgniter\CodeIgniter->run()
CRITICAL - 2023-02-04 22:03:31 --> Undefined variable: datos
in APPPATH\Views\ventanas\asignarImc.php on line 7.
 1 APPPATH\Views\ventanas\asignarImc.php(7): CodeIgniter\Debug\Exceptions->errorHandler(8, 'Undefined variable: datos', 'APPPATH\\Views\\ventanas\\asignarImc.php', 7, [...])
 2 SYSTEMPATH\View\View.php(213): include('APPPATH\\Views\\ventanas\\asignarImc.php')
 3 SYSTEMPATH\View\View.php(216): CodeIgniter\View\View->CodeIgniter\View\{closure}()
 4 SYSTEMPATH\Common.php(1177): CodeIgniter\View\View->render('/ventanas/asignarImc.php', [], true)
 5 APPPATH\Controllers\controladorPaciente.php(50): view('/ventanas/asignarImc.php', [...])
 6 SYSTEMPATH\CodeIgniter.php(934): App\Controllers\controladorPaciente->asignarImc('10')
 7 SYSTEMPATH\CodeIgniter.php(499): CodeIgniter\CodeIgniter->runController(Object(App\Controllers\controladorPaciente))
 8 SYSTEMPATH\CodeIgniter.php(368): CodeIgniter\CodeIgniter->handleRequest(null, Object(Config\Cache), false)
 9 FCPATH\index.php(67): CodeIgniter\CodeIgniter->run()
CRITICAL - 2023-02-04 22:06:27 --> Undefined variable: datos
in APPPATH\Views\ventanas\obtenerPaciente.php on line 7.
 1 APPPATH\Views\ventanas\obtenerPaciente.php(7): CodeIgniter\Debug\Exceptions->errorHandler(8, 'Undefined variable: datos', 'APPPATH\\Views\\ventanas\\obtenerPaciente.php', 7, [...])
 2 SYSTEMPATH\View\View.php(213): include('APPPATH\\Views\\ventanas\\obtenerPaciente.php')
 3 SYSTEMPATH\View\View.php(216): CodeIgniter\View\View->CodeIgniter\View\{closure}()
 4 SYSTEMPATH\Common.php(1177): CodeIgniter\View\View->render('/ventanas/obtenerPaciente.php', [], true)
 5 APPPATH\Controllers\controladorPaciente.php(50): view('/ventanas/obtenerPaciente.php', [...])
 6 SYSTEMPATH\CodeIgniter.php(934): App\Controllers\controladorPaciente->obtenerPaciente('10')
 7 SYSTEMPATH\CodeIgniter.php(499): CodeIgniter\CodeIgniter->runController(Object(App\Controllers\controladorPaciente))
 8 SYSTEMPATH\CodeIgniter.php(368): CodeIgniter\CodeIgniter->handleRequest(null, Object(Config\Cache), false)
 9 FCPATH\index.php(67): CodeIgniter\CodeIgniter->run()
CRITICAL - 2023-02-04 22:08:12 --> Undefined variable: datos
in APPPATH\Views\ventanas\obtenerPaciente.php on line 8.
 1 APPPATH\Views\ventanas\obtenerPaciente.php(8): CodeIgniter\Debug\Exceptions->errorHandler(8, 'Undefined variable: datos', 'APPPATH\\Views\\ventanas\\obtenerPaciente.php', 8, [...])
 2 SYSTEMPATH\View\View.php(213): include('APPPATH\\Views\\ventanas\\obtenerPaciente.php')
 3 SYSTEMPATH\View\View.php(216): CodeIgniter\View\View->CodeIgniter\View\{closure}()
 4 SYSTEMPATH\Common.php(1177): CodeIgniter\View\View->render('/ventanas/obtenerPaciente.php', [], true)
 5 APPPATH\Controllers\controladorPaciente.php(50): view('/ventanas/obtenerPaciente.php', [...])
 6 SYSTEMPATH\CodeIgniter.php(934): App\Controllers\controladorPaciente->obtenerPaciente('10')
 7 SYSTEMPATH\CodeIgniter.php(499): CodeIgniter\CodeIgniter->runController(Object(App\Controllers\controladorPaciente))
 8 SYSTEMPATH\CodeIgniter.php(368): CodeIgniter\CodeIgniter->handleRequest(null, Object(Config\Cache), false)
 9 FCPATH\index.php(67): CodeIgniter\CodeIgniter->run()
CRITICAL - 2023-02-04 22:08:26 --> Array to string conversion
in APPPATH\Views\ventanas\obtenerPaciente.php on line 23.
 1 APPPATH\Views\ventanas\obtenerPaciente.php(23): CodeIgniter\Debug\Exceptions->errorHandler(8, 'Array to string conversion', 'APPPATH\\Views\\ventanas\\obtenerPaciente.php', 23, [...])
 2 SYSTEMPATH\View\View.php(213): include('APPPATH\\Views\\ventanas\\obtenerPaciente.php')
 3 SYSTEMPATH\View\View.php(216): CodeIgniter\View\View->CodeIgniter\View\{closure}()
 4 SYSTEMPATH\Common.php(1177): CodeIgniter\View\View->render('/ventanas/obtenerPaciente.php', [], true)
 5 APPPATH\Controllers\controladorPaciente.php(50): view('/ventanas/obtenerPaciente.php', [...])
 6 SYSTEMPATH\CodeIgniter.php(934): App\Controllers\controladorPaciente->obtenerPaciente('10')
 7 SYSTEMPATH\CodeIgniter.php(499): CodeIgniter\CodeIgniter->runController(Object(App\Controllers\controladorPaciente))
 8 SYSTEMPATH\CodeIgniter.php(368): CodeIgniter\CodeIgniter->handleRequest(null, Object(Config\Cache), false)
 9 FCPATH\index.php(67): CodeIgniter\CodeIgniter->run()
CRITICAL - 2023-02-04 22:08:43 --> Undefined variable: datos
in APPPATH\Views\ventanas\obtenerPaciente.php on line 7.
 1 APPPATH\Views\ventanas\obtenerPaciente.php(7): CodeIgniter\Debug\Exceptions->errorHandler(8, 'Undefined variable: datos', 'APPPATH\\Views\\ventanas\\obtenerPaciente.php', 7, [...])
 2 SYSTEMPATH\View\View.php(213): include('APPPATH\\Views\\ventanas\\obtenerPaciente.php')
 3 SYSTEMPATH\View\View.php(216): CodeIgniter\View\View->CodeIgniter\View\{closure}()
 4 SYSTEMPATH\Common.php(1177): CodeIgniter\View\View->render('/ventanas/obtenerPaciente.php', [], true)
 5 APPPATH\Controllers\controladorPaciente.php(50): view('/ventanas/obtenerPaciente.php', [...])
 6 SYSTEMPATH\CodeIgniter.php(934): App\Controllers\controladorPaciente->obtenerPaciente('10')
 7 SYSTEMPATH\CodeIgniter.php(499): CodeIgniter\CodeIgniter->runController(Object(App\Controllers\controladorPaciente))
 8 SYSTEMPATH\CodeIgniter.php(368): CodeIgniter\CodeIgniter->handleRequest(null, Object(Config\Cache), false)
 9 FCPATH\index.php(67): CodeIgniter\CodeIgniter->run()
